<?xml version="1.0" encoding="UTF-8"?>
<testsuite xmlns:xsi="http://www.w3.org/2001/XMLSchema-instance" xsi:noNamespaceSchemaLocation="https://maven.apache.org/surefire/maven-surefire-plugin/xsd/surefire-test-report-3.0.xsd" version="3.0" name="com.wealthwise.controller.AuthControllerTest" time="13.142" tests="6" errors="0" skipped="0" failures="0">
  <properties>
[...]
</properties>
  <testcase name="login_returns401ForNonExistentUser" classname="com.wealthwise.controller.AuthControllerTest" time="0.669">
    <system-out><![CDATA[10:23:37.360 [main] INFO org.springframework.test.context.support.AnnotationConfigContextLoaderUtils -- Could not detect default configuration classes for test class [com.wealthwise.controller.AuthControllerTest]: AuthControllerTest does not declare any static, non-private, non-final, nested classes annotated with @Configuration.
10:23:37.534 [main] INFO org.springframework.boot.test.context.SpringBootTestContextBootstrapper -- Found @SpringBootConfiguration com.wealthwise.WealthWiseApplication for test class com.wealthwise.controller.AuthControllerTest

  .   ____          _            __ _ _
 /\\ / ___'_ __ _ _(_)_ __  __ _ \ \ \ \
( ( )\___ | '_ | '_| | '_ \/ _` | \ \ \ \
 \\/  ___)| |_)| | | | | || (_| |  ) ) ) )
  '  |____| .__|_| |_|_| |_\__, | / / / /
 =========|_|==============|___/=/_/_/_/
 :: Spring Boot ::                (v3.2.0)

2026-03-09T10:23:37.949+03:00  INFO 26248 --- [           main] c.w.controller.AuthControllerTest        : Starting AuthControllerTest using Java 25.0.2 with PID 26248 (started by hhub2 in C:\Users\hhub2\array\wealthwise\backend)
2026-03-09T10:23:37.951+03:00  INFO 26248 --- [           main] c.w.controller.AuthControllerTest        : The following 1 profile is active: "test"
2026-03-09T10:23:38.706+03:00  INFO 26248 --- [           main] .s.d.r.c.RepositoryConfigurationDelegate : Bootstrapping Spring Data JPA repositories in DEFAULT mode.
2026-03-09T10:23:38.777+03:00  INFO 26248 --- [           main] .s.d.r.c.RepositoryConfigurationDelegate : Finished Spring Data repository scanning in 64 ms. Found 4 JPA repository interfaces.
2026-03-09T10:23:39.282+03:00  INFO 26248 --- [           main] o.hibernate.jpa.internal.util.LogHelper  : HHH000204: Processing PersistenceUnitInfo [name: default]
2026-03-09T10:23:39.353+03:00  INFO 26248 --- [           main] org.hibernate.Version                    : HHH000412: Hibernate ORM core version 6.3.1.Final
2026-03-09T10:23:39.400+03:00  INFO 26248 --- [           main] o.h.c.internal.RegionFactoryInitiator    : HHH000026: Second-level cache disabled
2026-03-09T10:23:39.712+03:00  INFO 26248 --- [           main] o.s.o.j.p.SpringPersistenceUnitInfo      : No LoadTimeWeaver setup: ignoring JPA class transformer
2026-03-09T10:23:39.747+03:00  INFO 26248 --- [           main] com.zaxxer.hikari.HikariDataSource       : HikariPool-1 - Starting...
2026-03-09T10:23:39.951+03:00  INFO 26248 --- [           main] com.zaxxer.hikari.pool.HikariPool        : HikariPool-1 - Added connection conn0: url=jdbc:h2:mem:testdb user=SA
2026-03-09T10:23:39.953+03:00  INFO 26248 --- [           main] com.zaxxer.hikari.HikariDataSource       : HikariPool-1 - Start completed.
2026-03-09T10:23:39.977+03:00  WARN 26248 --- [           main] org.hibernate.orm.deprecation            : HHH90000025: H2Dialect does not need to be specified explicitly using 'hibernate.dialect' (remove the property setting and it will be selected by default)
2026-03-09T10:23:40.774+03:00  INFO 26248 --- [           main] o.h.e.t.j.p.i.JtaPlatformInitiator       : HHH000489: No JTA platform available (set 'hibernate.transaction.jta.platform' to enable JTA platform integration)
2026-03-09T10:23:40.824+03:00  INFO 26248 --- [           main] j.LocalContainerEntityManagerFactoryBean : Initialized JPA EntityManagerFactory for persistence unit 'default'
2026-03-09T10:23:41.215+03:00  INFO 26248 --- [           main] o.s.d.j.r.query.QueryEnhancerFactory     : Hibernate is in classpath; If applicable, HQL parser will be used.
2026-03-09T10:23:41.739+03:00  WARN 26248 --- [           main] o.s.aop.framework.CglibAopProxy          : Unable to proxy interface-implementing method [public final void org.springframework.web.filter.OncePerRequestFilter.doFilter(jakarta.servlet.ServletRequest,jakarta.servlet.ServletResponse,jakarta.servlet.FilterChain) throws jakarta.servlet.ServletException,java.io.IOException] because it is marked as final, consider using interface-based JDK proxies instead.
2026-03-09T10:23:41.739+03:00  WARN 26248 --- [           main] o.s.aop.framework.CglibAopProxy          : Unable to proxy interface-implementing method [public final void org.springframework.web.filter.GenericFilterBean.init(jakarta.servlet.FilterConfig) throws jakarta.servlet.ServletException] because it is marked as final, consider using interface-based JDK proxies instead.
2026-03-09T10:23:42.041+03:00  WARN 26248 --- [           main] JpaBaseConfiguration$JpaWebConfiguration : spring.jpa.open-in-view is enabled by default. Therefore, database queries may be performed during view rendering. Explicitly configure spring.jpa.open-in-view to disable this warning
2026-03-09T10:23:42.409+03:00  INFO 26248 --- [           main] o.s.s.web.DefaultSecurityFilterChain     : Will secure any request with [org.springframework.security.web.session.DisableEncodeUrlFilter@74ee07e, org.springframework.security.web.context.request.async.WebAsyncManagerIntegrationFilter@3c88db1, org.springframework.security.web.context.SecurityContextHolderFilter@545e200b, org.springframework.security.web.header.HeaderWriterFilter@32ff3c98, org.springframework.web.filter.CorsFilter@241861bc, org.springframework.security.web.authentication.logout.LogoutFilter@6a063931, com.wealthwise.security.JwtAuthFilter@724e82d9, org.springframework.security.web.savedrequest.RequestCacheAwareFilter@1b6441c9, org.springframework.security.web.servletapi.SecurityContextHolderAwareRequestFilter@6da6c10e, org.springframework.security.web.authentication.AnonymousAuthenticationFilter@2045a469, org.springframework.security.web.session.SessionManagementFilter@34db5935, org.springframework.security.web.access.ExceptionTranslationFilter@65134e6c, org.springframework.security.web.access.intercept.AuthorizationFilter@45382749]
2026-03-09T10:23:42.808+03:00  INFO 26248 --- [           main] o.s.b.t.m.w.SpringBootMockServletContext : Initializing Spring TestDispatcherServlet ''
2026-03-09T10:23:42.809+03:00  INFO 26248 --- [           main] o.s.t.web.servlet.TestDispatcherServlet  : Initializing Servlet ''
2026-03-09T10:23:42.811+03:00  INFO 26248 --- [           main] o.s.t.web.servlet.TestDispatcherServlet  : Completed initialization in 2 ms
2026-03-09T10:23:42.841+03:00  INFO 26248 --- [           main] c.w.controller.AuthControllerTest        : Started AuthControllerTest in 5.163 seconds (process running for 6.588)
2026-03-09T10:23:43.928+03:00  INFO 26248 --- [           main] j.LocalContainerEntityManagerFactoryBean : Closing JPA EntityManagerFactory for persistence unit 'default'
2026-03-09T10:23:43.934+03:00  INFO 26248 --- [           main] com.zaxxer.hikari.HikariDataSource       : HikariPool-1 - Shutdown initiated...
2026-03-09T10:23:43.936+03:00  INFO 26248 --- [           main] com.zaxxer.hikari.HikariDataSource       : HikariPool-1 - Shutdown completed.
]]></system-out>
    <system-err><![CDATA[WARNING: A Java agent has been loaded dynamically (C:\Users\hhub2\.m2\repository\net\bytebuddy\byte-buddy-agent\1.14.10\byte-buddy-agent-1.14.10.jar)
WARNING: If a serviceability tool is in use, please run with -XX:+EnableDynamicAgentLoading to hide this warning
WARNING: If a serviceability tool is not in use, please run with -Djdk.instrument.traceUsage for more information
WARNING: Dynamic loading of agents will be disallowed by default in a future release
]]></system-err>
  </testcase>
  <testcase name="register_returns200OnSuccess" classname="com.wealthwise.controller.AuthControllerTest" time="0.164">
    <system-out><![CDATA[
  .   ____          _            __ _ _
 /\\ / ___'_ __ _ _(_)_ __  __ _ \ \ \ \
( ( )\___ | '_ | '_| | '_ \/ _` | \ \ \ \
 \\/  ___)| |_)| | | | | || (_| |  ) ) ) )
  '  |____| .__|_| |_|_| |_\__, | / / / /
 =========|_|==============|___/=/_/_/_/
 :: Spring Boot ::                (v3.2.0)

2026-03-09T10:23:44.041+03:00  INFO 26248 --- [           main] c.w.controller.AuthControllerTest        : Starting AuthControllerTest using Java 25.0.2 with PID 26248 (started by hhub2 in C:\Users\hhub2\array\wealthwise\backend)
2026-03-09T10:23:44.042+03:00  INFO 26248 --- [           main] c.w.controller.AuthControllerTest        : The following 1 profile is active: "test"
2026-03-09T10:23:44.372+03:00  INFO 26248 --- [           main] .s.d.r.c.RepositoryConfigurationDelegate : Bootstrapping Spring Data JPA repositories in DEFAULT mode.
2026-03-09T10:23:44.396+03:00  INFO 26248 --- [           main] .s.d.r.c.RepositoryConfigurationDelegate : Finished Spring Data repository scanning in 23 ms. Found 4 JPA repository interfaces.
2026-03-09T10:23:44.518+03:00  INFO 26248 --- [           main] o.hibernate.jpa.internal.util.LogHelper  : HHH000204: Processing PersistenceUnitInfo [name: default]
2026-03-09T10:23:44.530+03:00  INFO 26248 --- [           main] o.h.c.internal.RegionFactoryInitiator    : HHH000026: Second-level cache disabled
2026-03-09T10:23:44.541+03:00  INFO 26248 --- [           main] o.s.o.j.p.SpringPersistenceUnitInfo      : No LoadTimeWeaver setup: ignoring JPA class transformer
2026-03-09T10:23:44.547+03:00  INFO 26248 --- [           main] com.zaxxer.hikari.HikariDataSource       : HikariPool-2 - Starting...
2026-03-09T10:23:44.548+03:00  INFO 26248 --- [           main] com.zaxxer.hikari.pool.HikariPool        : HikariPool-2 - Added connection conn10: url=jdbc:h2:mem:testdb user=SA
2026-03-09T10:23:44.549+03:00  INFO 26248 --- [           main] com.zaxxer.hikari.HikariDataSource       : HikariPool-2 - Start completed.
2026-03-09T10:23:44.549+03:00  WARN 26248 --- [           main] org.hibernate.orm.deprecation            : HHH90000025: H2Dialect does not need to be specified explicitly using 'hibernate.dialect' (remove the property setting and it will be selected by default)
2026-03-09T10:23:44.676+03:00  INFO 26248 --- [           main] o.h.e.t.j.p.i.JtaPlatformInitiator       : HHH000489: No JTA platform available (set 'hibernate.transaction.jta.platform' to enable JTA platform integration)
2026-03-09T10:23:44.690+03:00  INFO 26248 --- [           main] j.LocalContainerEntityManagerFactoryBean : Initialized JPA EntityManagerFactory for persistence unit 'default'
2026-03-09T10:23:44.874+03:00  WARN 26248 --- [           main] JpaBaseConfiguration$JpaWebConfiguration : spring.jpa.open-in-view is enabled by default. Therefore, database queries may be performed during view rendering. Explicitly configure spring.jpa.open-in-view to disable this warning
2026-03-09T10:23:44.947+03:00  INFO 26248 --- [           main] o.s.s.web.DefaultSecurityFilterChain     : Will secure any request with [org.springframework.security.web.session.DisableEncodeUrlFilter@427a4d68, org.springframework.security.web.context.request.async.WebAsyncManagerIntegrationFilter@72722a6b, org.springframework.security.web.context.SecurityContextHolderFilter@2be0ea4a, org.springframework.security.web.header.HeaderWriterFilter@4d8f917f, org.springframework.web.filter.CorsFilter@2c6ee031, org.springframework.security.web.authentication.logout.LogoutFilter@34408f1b, com.wealthwise.security.JwtAuthFilter@d22c288, org.springframework.security.web.savedrequest.RequestCacheAwareFilter@6852c3d2, org.springframework.security.web.servletapi.SecurityContextHolderAwareRequestFilter@5967b3ce, org.springframework.security.web.authentication.AnonymousAuthenticationFilter@6f798e5a, org.springframework.security.web.session.SessionManagementFilter@125a6446, org.springframework.security.web.access.ExceptionTranslationFilter@27dc95b9, org.springframework.security.web.access.intercept.AuthorizationFilter@2e6fa551]
2026-03-09T10:23:45.048+03:00  INFO 26248 --- [           main] o.s.b.t.m.w.SpringBootMockServletContext : Initializing Spring TestDispatcherServlet ''
2026-03-09T10:23:45.048+03:00  INFO 26248 --- [           main] o.s.t.web.servlet.TestDispatcherServlet  : Initializing Servlet ''
2026-03-09T10:23:45.049+03:00  INFO 26248 --- [           main] o.s.t.web.servlet.TestDispatcherServlet  : Completed initialization in 0 ms
2026-03-09T10:23:45.055+03:00  INFO 26248 --- [           main] c.w.controller.AuthControllerTest        : Started AuthControllerTest in 1.109 seconds (process running for 8.802)
2026-03-09T10:23:45.410+03:00  INFO 26248 --- [           main] j.LocalContainerEntityManagerFactoryBean : Closing JPA EntityManagerFactory for persistence unit 'default'
2026-03-09T10:23:45.413+03:00  INFO 26248 --- [           main] com.zaxxer.hikari.HikariDataSource       : HikariPool-2 - Shutdown initiated...
2026-03-09T10:23:45.414+03:00  INFO 26248 --- [           main] com.zaxxer.hikari.HikariDataSource       : HikariPool-2 - Shutdown completed.
]]></system-out>
  </testcase>
  <testcase name="register_returns400WhenEmailAlreadyExists" classname="com.wealthwise.controller.AuthControllerTest" time="0.123">
    <system-out><![CDATA[
  .   ____          _            __ _ _
 /\\ / ___'_ __ _ _(_)_ __  __ _ \ \ \ \
( ( )\___ | '_ | '_| | '_ \/ _` | \ \ \ \
 \\/  ___)| |_)| | | | | || (_| |  ) ) ) )
  '  |____| .__|_| |_|_| |_\__, | / / / /
 =========|_|==============|___/=/_/_/_/
 :: Spring Boot ::                (v3.2.0)

2026-03-09T10:23:45.456+03:00  INFO 26248 --- [           main] c.w.controller.AuthControllerTest        : Starting AuthControllerTest using Java 25.0.2 with PID 26248 (started by hhub2 in C:\Users\hhub2\array\wealthwise\backend)
2026-03-09T10:23:45.456+03:00  INFO 26248 --- [           main] c.w.controller.AuthControllerTest        : The following 1 profile is active: "test"
2026-03-09T10:23:45.789+03:00  INFO 26248 --- [           main] .s.d.r.c.RepositoryConfigurationDelegate : Bootstrapping Spring Data JPA repositories in DEFAULT mode.
2026-03-09T10:23:45.815+03:00  INFO 26248 --- [           main] .s.d.r.c.RepositoryConfigurationDelegate : Finished Spring Data repository scanning in 25 ms. Found 4 JPA repository interfaces.
2026-03-09T10:23:45.922+03:00  INFO 26248 --- [           main] o.hibernate.jpa.internal.util.LogHelper  : HHH000204: Processing PersistenceUnitInfo [name: default]
2026-03-09T10:23:45.932+03:00  INFO 26248 --- [           main] o.h.c.internal.RegionFactoryInitiator    : HHH000026: Second-level cache disabled
2026-03-09T10:23:45.941+03:00  INFO 26248 --- [           main] o.s.o.j.p.SpringPersistenceUnitInfo      : No LoadTimeWeaver setup: ignoring JPA class transformer
2026-03-09T10:23:45.946+03:00  INFO 26248 --- [           main] com.zaxxer.hikari.HikariDataSource       : HikariPool-3 - Starting...
2026-03-09T10:23:45.947+03:00  INFO 26248 --- [           main] com.zaxxer.hikari.pool.HikariPool        : HikariPool-3 - Added connection conn20: url=jdbc:h2:mem:testdb user=SA
2026-03-09T10:23:45.947+03:00  INFO 26248 --- [           main] com.zaxxer.hikari.HikariDataSource       : HikariPool-3 - Start completed.
2026-03-09T10:23:45.948+03:00  WARN 26248 --- [           main] org.hibernate.orm.deprecation            : HHH90000025: H2Dialect does not need to be specified explicitly using 'hibernate.dialect' (remove the property setting and it will be selected by default)
2026-03-09T10:23:46.072+03:00  INFO 26248 --- [           main] o.h.e.t.j.p.i.JtaPlatformInitiator       : HHH000489: No JTA platform available (set 'hibernate.transaction.jta.platform' to enable JTA platform integration)
2026-03-09T10:23:46.082+03:00  INFO 26248 --- [           main] j.LocalContainerEntityManagerFactoryBean : Initialized JPA EntityManagerFactory for persistence unit 'default'
2026-03-09T10:23:46.218+03:00  WARN 26248 --- [           main] JpaBaseConfiguration$JpaWebConfiguration : spring.jpa.open-in-view is enabled by default. Therefore, database queries may be performed during view rendering. Explicitly configure spring.jpa.open-in-view to disable this warning
2026-03-09T10:23:46.294+03:00  INFO 26248 --- [           main] o.s.s.web.DefaultSecurityFilterChain     : Will secure any request with [org.springframework.security.web.session.DisableEncodeUrlFilter@27d40ca5, org.springframework.security.web.context.request.async.WebAsyncManagerIntegrationFilter@10de92aa, org.springframework.security.web.context.SecurityContextHolderFilter@13ea4f97, org.springframework.security.web.header.HeaderWriterFilter@127abbbe, org.springframework.web.filter.CorsFilter@9c53820, org.springframework.security.web.authentication.logout.LogoutFilter@2a03b7d2, com.wealthwise.security.JwtAuthFilter@707004b6, org.springframework.security.web.savedrequest.RequestCacheAwareFilter@57bbf4e5, org.springframework.security.web.servletapi.SecurityContextHolderAwareRequestFilter@105b12e7, org.springframework.security.web.authentication.AnonymousAuthenticationFilter@78171169, org.springframework.security.web.session.SessionManagementFilter@3c48e78b, org.springframework.security.web.access.ExceptionTranslationFilter@61b4a433, org.springframework.security.web.access.intercept.AuthorizationFilter@6a938034]
2026-03-09T10:23:46.395+03:00  INFO 26248 --- [           main] o.s.b.t.m.w.SpringBootMockServletContext : Initializing Spring TestDispatcherServlet ''
2026-03-09T10:23:46.396+03:00  INFO 26248 --- [           main] o.s.t.web.servlet.TestDispatcherServlet  : Initializing Servlet ''
2026-03-09T10:23:46.397+03:00  INFO 26248 --- [           main] o.s.t.web.servlet.TestDispatcherServlet  : Completed initialization in 1 ms
2026-03-09T10:23:46.406+03:00  INFO 26248 --- [           main] c.w.controller.AuthControllerTest        : Started AuthControllerTest in 0.989 seconds (process running for 10.153)
2026-03-09T10:23:46.705+03:00  INFO 26248 --- [           main] j.LocalContainerEntityManagerFactoryBean : Closing JPA EntityManagerFactory for persistence unit 'default'
2026-03-09T10:23:46.706+03:00  INFO 26248 --- [           main] com.zaxxer.hikari.HikariDataSource       : HikariPool-3 - Shutdown initiated...
2026-03-09T10:23:46.708+03:00  INFO 26248 --- [           main] com.zaxxer.hikari.HikariDataSource       : HikariPool-3 - Shutdown completed.
]]></system-out>
  </testcase>
  <testcase name="register_returns400WhenUsernameAlreadyExists" classname="com.wealthwise.controller.AuthControllerTest" time="0.124">
    <system-out><![CDATA[
  .   ____          _            __ _ _
 /\\ / ___'_ __ _ _(_)_ __  __ _ \ \ \ \
( ( )\___ | '_ | '_| | '_ \/ _` | \ \ \ \
 \\/  ___)| |_)| | | | | || (_| |  ) ) ) )
  '  |____| .__|_| |_|_| |_\__, | / / / /
 =========|_|==============|___/=/_/_/_/
 :: Spring Boot ::                (v3.2.0)

2026-03-09T10:23:46.740+03:00  INFO 26248 --- [           main] c.w.controller.AuthControllerTest        : Starting AuthControllerTest using Java 25.0.2 with PID 26248 (started by hhub2 in C:\Users\hhub2\array\wealthwise\backend)
2026-03-09T10:23:46.740+03:00  INFO 26248 --- [           main] c.w.controller.AuthControllerTest        : The following 1 profile is active: "test"
2026-03-09T10:23:46.952+03:00  INFO 26248 --- [           main] .s.d.r.c.RepositoryConfigurationDelegate : Bootstrapping Spring Data JPA repositories in DEFAULT mode.
2026-03-09T10:23:46.970+03:00  INFO 26248 --- [           main] .s.d.r.c.RepositoryConfigurationDelegate : Finished Spring Data repository scanning in 17 ms. Found 4 JPA repository interfaces.
2026-03-09T10:23:47.047+03:00  INFO 26248 --- [           main] o.hibernate.jpa.internal.util.LogHelper  : HHH000204: Processing PersistenceUnitInfo [name: default]
2026-03-09T10:23:47.054+03:00  INFO 26248 --- [           main] o.h.c.internal.RegionFactoryInitiator    : HHH000026: Second-level cache disabled
2026-03-09T10:23:47.062+03:00  INFO 26248 --- [           main] o.s.o.j.p.SpringPersistenceUnitInfo      : No LoadTimeWeaver setup: ignoring JPA class transformer
2026-03-09T10:23:47.066+03:00  INFO 26248 --- [           main] com.zaxxer.hikari.HikariDataSource       : HikariPool-4 - Starting...
2026-03-09T10:23:47.068+03:00  INFO 26248 --- [           main] com.zaxxer.hikari.pool.HikariPool        : HikariPool-4 - Added connection conn30: url=jdbc:h2:mem:testdb user=SA
2026-03-09T10:23:47.068+03:00  INFO 26248 --- [           main] com.zaxxer.hikari.HikariDataSource       : HikariPool-4 - Start completed.
2026-03-09T10:23:47.069+03:00  WARN 26248 --- [           main] org.hibernate.orm.deprecation            : HHH90000025: H2Dialect does not need to be specified explicitly using 'hibernate.dialect' (remove the property setting and it will be selected by default)
2026-03-09T10:23:47.157+03:00  INFO 26248 --- [           main] o.h.e.t.j.p.i.JtaPlatformInitiator       : HHH000489: No JTA platform available (set 'hibernate.transaction.jta.platform' to enable JTA platform integration)
2026-03-09T10:23:47.170+03:00  INFO 26248 --- [           main] j.LocalContainerEntityManagerFactoryBean : Initialized JPA EntityManagerFactory for persistence unit 'default'
2026-03-09T10:23:47.369+03:00  WARN 26248 --- [           main] JpaBaseConfiguration$JpaWebConfiguration : spring.jpa.open-in-view is enabled by default. Therefore, database queries may be performed during view rendering. Explicitly configure spring.jpa.open-in-view to disable this warning
2026-03-09T10:23:47.460+03:00  INFO 26248 --- [           main] o.s.s.web.DefaultSecurityFilterChain     : Will secure any request with [org.springframework.security.web.session.DisableEncodeUrlFilter@565b04e9, org.springframework.security.web.context.request.async.WebAsyncManagerIntegrationFilter@6e886e25, org.springframework.security.web.context.SecurityContextHolderFilter@5f851718, org.springframework.security.web.header.HeaderWriterFilter@5f58ff4f, org.springframework.web.filter.CorsFilter@6a47f34c, org.springframework.security.web.authentication.logout.LogoutFilter@7b7eb8c, com.wealthwise.security.JwtAuthFilter@10bf4f1c, org.springframework.security.web.savedrequest.RequestCacheAwareFilter@2e51e263, org.springframework.security.web.servletapi.SecurityContextHolderAwareRequestFilter@36ebd261, org.springframework.security.web.authentication.AnonymousAuthenticationFilter@d34c3be, org.springframework.security.web.session.SessionManagementFilter@18cbd36b, org.springframework.security.web.access.ExceptionTranslationFilter@bff5b50, org.springframework.security.web.access.intercept.AuthorizationFilter@4e44f582]
2026-03-09T10:23:47.561+03:00  INFO 26248 --- [           main] o.s.b.t.m.w.SpringBootMockServletContext : Initializing Spring TestDispatcherServlet ''
2026-03-09T10:23:47.561+03:00  INFO 26248 --- [           main] o.s.t.web.servlet.TestDispatcherServlet  : Initializing Servlet ''
2026-03-09T10:23:47.562+03:00  INFO 26248 --- [           main] o.s.t.web.servlet.TestDispatcherServlet  : Completed initialization in 1 ms
2026-03-09T10:23:47.576+03:00  INFO 26248 --- [           main] c.w.controller.AuthControllerTest        : Started AuthControllerTest in 0.865 seconds (process running for 11.323)
2026-03-09T10:23:47.930+03:00  INFO 26248 --- [           main] j.LocalContainerEntityManagerFactoryBean : Closing JPA EntityManagerFactory for persistence unit 'default'
2026-03-09T10:23:47.932+03:00  INFO 26248 --- [           main] com.zaxxer.hikari.HikariDataSource       : HikariPool-4 - Shutdown initiated...
2026-03-09T10:23:47.934+03:00  INFO 26248 --- [           main] com.zaxxer.hikari.HikariDataSource       : HikariPool-4 - Shutdown completed.
]]></system-out>
  </testcase>
  <testcase name="login_returns200WithTokenAndUser" classname="com.wealthwise.controller.AuthControllerTest" time="0.373">
    <system-out><![CDATA[
  .   ____          _            __ _ _
 /\\ / ___'_ __ _ _(_)_ __  __ _ \ \ \ \
( ( )\___ | '_ | '_| | '_ \/ _` | \ \ \ \
 \\/  ___)| |_)| | | | | || (_| |  ) ) ) )
  '  |____| .__|_| |_|_| |_\__, | / / / /
 =========|_|==============|___/=/_/_/_/
 :: Spring Boot ::                (v3.2.0)

2026-03-09T10:23:47.964+03:00  INFO 26248 --- [           main] c.w.controller.AuthControllerTest        : Starting AuthControllerTest using Java 25.0.2 with PID 26248 (started by hhub2 in C:\Users\hhub2\array\wealthwise\backend)
2026-03-09T10:23:47.964+03:00  INFO 26248 --- [           main] c.w.controller.AuthControllerTest        : The following 1 profile is active: "test"
2026-03-09T10:23:48.188+03:00  INFO 26248 --- [           main] .s.d.r.c.RepositoryConfigurationDelegate : Bootstrapping Spring Data JPA repositories in DEFAULT mode.
2026-03-09T10:23:48.212+03:00  INFO 26248 --- [           main] .s.d.r.c.RepositoryConfigurationDelegate : Finished Spring Data repository scanning in 24 ms. Found 4 JPA repository interfaces.
2026-03-09T10:23:48.304+03:00  INFO 26248 --- [           main] o.hibernate.jpa.internal.util.LogHelper  : HHH000204: Processing PersistenceUnitInfo [name: default]
2026-03-09T10:23:48.314+03:00  INFO 26248 --- [           main] o.h.c.internal.RegionFactoryInitiator    : HHH000026: Second-level cache disabled
2026-03-09T10:23:48.324+03:00  INFO 26248 --- [           main] o.s.o.j.p.SpringPersistenceUnitInfo      : No LoadTimeWeaver setup: ignoring JPA class transformer
2026-03-09T10:23:48.328+03:00  INFO 26248 --- [           main] com.zaxxer.hikari.HikariDataSource       : HikariPool-5 - Starting...
2026-03-09T10:23:48.329+03:00  INFO 26248 --- [           main] com.zaxxer.hikari.pool.HikariPool        : HikariPool-5 - Added connection conn40: url=jdbc:h2:mem:testdb user=SA
2026-03-09T10:23:48.329+03:00  INFO 26248 --- [           main] com.zaxxer.hikari.HikariDataSource       : HikariPool-5 - Start completed.
2026-03-09T10:23:48.330+03:00  WARN 26248 --- [           main] org.hibernate.orm.deprecation            : HHH90000025: H2Dialect does not need to be specified explicitly using 'hibernate.dialect' (remove the property setting and it will be selected by default)
2026-03-09T10:23:48.440+03:00  INFO 26248 --- [           main] o.h.e.t.j.p.i.JtaPlatformInitiator       : HHH000489: No JTA platform available (set 'hibernate.transaction.jta.platform' to enable JTA platform integration)
2026-03-09T10:23:48.453+03:00  INFO 26248 --- [           main] j.LocalContainerEntityManagerFactoryBean : Initialized JPA EntityManagerFactory for persistence unit 'default'
2026-03-09T10:23:48.557+03:00  WARN 26248 --- [           main] JpaBaseConfiguration$JpaWebConfiguration : spring.jpa.open-in-view is enabled by default. Therefore, database queries may be performed during view rendering. Explicitly configure spring.jpa.open-in-view to disable this warning
2026-03-09T10:23:48.636+03:00  INFO 26248 --- [           main] o.s.s.web.DefaultSecurityFilterChain     : Will secure any request with [org.springframework.security.web.session.DisableEncodeUrlFilter@17319443, org.springframework.security.web.context.request.async.WebAsyncManagerIntegrationFilter@4358e209, org.springframework.security.web.context.SecurityContextHolderFilter@56005b40, org.springframework.security.web.header.HeaderWriterFilter@6629ce82, org.springframework.web.filter.CorsFilter@569ac51e, org.springframework.security.web.authentication.logout.LogoutFilter@67367175, com.wealthwise.security.JwtAuthFilter@4eb870be, org.springframework.security.web.savedrequest.RequestCacheAwareFilter@104b145b, org.springframework.security.web.servletapi.SecurityContextHolderAwareRequestFilter@38be950e, org.springframework.security.web.authentication.AnonymousAuthenticationFilter@43a1205c, org.springframework.security.web.session.SessionManagementFilter@1a0231f9, org.springframework.security.web.access.ExceptionTranslationFilter@889d093, org.springframework.security.web.access.intercept.AuthorizationFilter@63cdae1d]
2026-03-09T10:23:48.710+03:00  INFO 26248 --- [           main] o.s.b.t.m.w.SpringBootMockServletContext : Initializing Spring TestDispatcherServlet ''
2026-03-09T10:23:48.710+03:00  INFO 26248 --- [           main] o.s.t.web.servlet.TestDispatcherServlet  : Initializing Servlet ''
2026-03-09T10:23:48.711+03:00  INFO 26248 --- [           main] o.s.t.web.servlet.TestDispatcherServlet  : Completed initialization in 0 ms
2026-03-09T10:23:48.728+03:00  INFO 26248 --- [           main] c.w.controller.AuthControllerTest        : Started AuthControllerTest in 0.79 seconds (process running for 12.474)
2026-03-09T10:23:49.274+03:00  INFO 26248 --- [           main] j.LocalContainerEntityManagerFactoryBean : Closing JPA EntityManagerFactory for persistence unit 'default'
2026-03-09T10:23:49.275+03:00  INFO 26248 --- [           main] com.zaxxer.hikari.HikariDataSource       : HikariPool-5 - Shutdown initiated...
2026-03-09T10:23:49.276+03:00  INFO 26248 --- [           main] com.zaxxer.hikari.HikariDataSource       : HikariPool-5 - Shutdown completed.
]]></system-out>
  </testcase>
  <testcase name="login_returns401WithWrongPassword" classname="com.wealthwise.controller.AuthControllerTest" time="0.252">
    <system-out><![CDATA[
  .   ____          _            __ _ _
 /\\ / ___'_ __ _ _(_)_ __  __ _ \ \ \ \
( ( )\___ | '_ | '_| | '_ \/ _` | \ \ \ \
 \\/  ___)| |_)| | | | | || (_| |  ) ) ) )
  '  |____| .__|_| |_|_| |_\__, | / / / /
 =========|_|==============|___/=/_/_/_/
 :: Spring Boot ::                (v3.2.0)

2026-03-09T10:23:49.302+03:00  INFO 26248 --- [           main] c.w.controller.AuthControllerTest        : Starting AuthControllerTest using Java 25.0.2 with PID 26248 (started by hhub2 in C:\Users\hhub2\array\wealthwise\backend)
2026-03-09T10:23:49.302+03:00  INFO 26248 --- [           main] c.w.controller.AuthControllerTest        : The following 1 profile is active: "test"
2026-03-09T10:23:49.494+03:00  INFO 26248 --- [           main] .s.d.r.c.RepositoryConfigurationDelegate : Bootstrapping Spring Data JPA repositories in DEFAULT mode.
2026-03-09T10:23:49.520+03:00  INFO 26248 --- [           main] .s.d.r.c.RepositoryConfigurationDelegate : Finished Spring Data repository scanning in 24 ms. Found 4 JPA repository interfaces.
2026-03-09T10:23:49.587+03:00  INFO 26248 --- [           main] o.hibernate.jpa.internal.util.LogHelper  : HHH000204: Processing PersistenceUnitInfo [name: default]
2026-03-09T10:23:49.593+03:00  INFO 26248 --- [           main] o.h.c.internal.RegionFactoryInitiator    : HHH000026: Second-level cache disabled
2026-03-09T10:23:49.598+03:00  INFO 26248 --- [           main] o.s.o.j.p.SpringPersistenceUnitInfo      : No LoadTimeWeaver setup: ignoring JPA class transformer
2026-03-09T10:23:49.600+03:00  INFO 26248 --- [           main] com.zaxxer.hikari.HikariDataSource       : HikariPool-6 - Starting...
2026-03-09T10:23:49.602+03:00  INFO 26248 --- [           main] com.zaxxer.hikari.pool.HikariPool        : HikariPool-6 - Added connection conn50: url=jdbc:h2:mem:testdb user=SA
2026-03-09T10:23:49.602+03:00  INFO 26248 --- [           main] com.zaxxer.hikari.HikariDataSource       : HikariPool-6 - Start completed.
2026-03-09T10:23:49.602+03:00  WARN 26248 --- [           main] org.hibernate.orm.deprecation            : HHH90000025: H2Dialect does not need to be specified explicitly using 'hibernate.dialect' (remove the property setting and it will be selected by default)
2026-03-09T10:23:49.676+03:00  INFO 26248 --- [           main] o.h.e.t.j.p.i.JtaPlatformInitiator       : HHH000489: No JTA platform available (set 'hibernate.transaction.jta.platform' to enable JTA platform integration)
2026-03-09T10:23:49.685+03:00  INFO 26248 --- [           main] j.LocalContainerEntityManagerFactoryBean : Initialized JPA EntityManagerFactory for persistence unit 'default'
2026-03-09T10:23:49.767+03:00  WARN 26248 --- [           main] JpaBaseConfiguration$JpaWebConfiguration : spring.jpa.open-in-view is enabled by default. Therefore, database queries may be performed during view rendering. Explicitly configure spring.jpa.open-in-view to disable this warning
2026-03-09T10:23:49.821+03:00  INFO 26248 --- [           main] o.s.s.web.DefaultSecurityFilterChain     : Will secure any request with [org.springframework.security.web.session.DisableEncodeUrlFilter@95d3dc8, org.springframework.security.web.context.request.async.WebAsyncManagerIntegrationFilter@5686f018, org.springframework.security.web.context.SecurityContextHolderFilter@366b82ec, org.springframework.security.web.header.HeaderWriterFilter@33ccb7e7, org.springframework.web.filter.CorsFilter@2da788b, org.springframework.security.web.authentication.logout.LogoutFilter@7105c023, com.wealthwise.security.JwtAuthFilter@5fe46369, org.springframework.security.web.savedrequest.RequestCacheAwareFilter@1f4d04be, org.springframework.security.web.servletapi.SecurityContextHolderAwareRequestFilter@4968eb3f, org.springframework.security.web.authentication.AnonymousAuthenticationFilter@418a5228, org.springframework.security.web.session.SessionManagementFilter@2c5fcecb, org.springframework.security.web.access.ExceptionTranslationFilter@35f38f90, org.springframework.security.web.access.intercept.AuthorizationFilter@82560b6]
2026-03-09T10:23:49.869+03:00  INFO 26248 --- [           main] o.s.b.t.m.w.SpringBootMockServletContext : Initializing Spring TestDispatcherServlet ''
2026-03-09T10:23:49.869+03:00  INFO 26248 --- [           main] o.s.t.web.servlet.TestDispatcherServlet  : Initializing Servlet ''
2026-03-09T10:23:49.869+03:00  INFO 26248 --- [           main] o.s.t.web.servlet.TestDispatcherServlet  : Completed initialization in 0 ms
2026-03-09T10:23:49.873+03:00  INFO 26248 --- [           main] c.w.controller.AuthControllerTest        : Started AuthControllerTest in 0.594 seconds (process running for 13.62)
2026-03-09T10:23:50.258+03:00  INFO 26248 --- [           main] j.LocalContainerEntityManagerFactoryBean : Closing JPA EntityManagerFactory for persistence unit 'default'
2026-03-09T10:23:50.260+03:00  INFO 26248 --- [           main] com.zaxxer.hikari.HikariDataSource       : HikariPool-6 - Shutdown initiated...
2026-03-09T10:23:50.260+03:00  INFO 26248 --- [           main] com.zaxxer.hikari.HikariDataSource       : HikariPool-6 - Shutdown completed.
]]></system-out>
  </testcase>
</testsuite>