<?xml version="1.0" encoding="UTF-8"?>
<testsuite xmlns:xsi="http://www.w3.org/2001/XMLSchema-instance" xsi:noNamespaceSchemaLocation="https://maven.apache.org/surefire/maven-surefire-plugin/xsd/surefire-test-report-3.0.xsd" version="3.0" name="com.wealthwise.controller.GoalControllerTest" time="6.843" tests="7" errors="0" skipped="0" failures="0">
  <properties>
[...]
</properties>
  <testcase name="create_savedAmountIsZeroByDefault" classname="com.wealthwise.controller.GoalControllerTest" time="0.318">
    <system-out><![CDATA[2026-03-09T10:23:50.267+03:00  INFO 26248 --- [           main] t.c.s.AnnotationConfigContextLoaderUtils : Could not detect default configuration classes for test class [com.wealthwise.controller.GoalControllerTest]: GoalControllerTest does not declare any static, non-private, non-final, nested classes annotated with @Configuration.
2026-03-09T10:23:50.271+03:00  INFO 26248 --- [           main] .b.t.c.SpringBootTestContextBootstrapper : Found @SpringBootConfiguration com.wealthwise.WealthWiseApplication for test class com.wealthwise.controller.GoalControllerTest

  .   ____          _            __ _ _
 /\\ / ___'_ __ _ _(_)_ __  __ _ \ \ \ \
( ( )\___ | '_ | '_| | '_ \/ _` | \ \ \ \
 \\/  ___)| |_)| | | | | || (_| |  ) ) ) )
  '  |____| .__|_| |_|_| |_\__, | / / / /
 =========|_|==============|___/=/_/_/_/
 :: Spring Boot ::                (v3.2.0)

2026-03-09T10:23:50.316+03:00  INFO 26248 --- [           main] c.w.controller.GoalControllerTest        : Starting GoalControllerTest using Java 25.0.2 with PID 26248 (started by hhub2 in C:\Users\hhub2\array\wealthwise\backend)
2026-03-09T10:23:50.316+03:00  INFO 26248 --- [           main] c.w.controller.GoalControllerTest        : The following 1 profile is active: "test"
2026-03-09T10:23:50.512+03:00  INFO 26248 --- [           main] .s.d.r.c.RepositoryConfigurationDelegate : Bootstrapping Spring Data JPA repositories in DEFAULT mode.
2026-03-09T10:23:50.531+03:00  INFO 26248 --- [           main] .s.d.r.c.RepositoryConfigurationDelegate : Finished Spring Data repository scanning in 18 ms. Found 4 JPA repository interfaces.
2026-03-09T10:23:50.609+03:00  INFO 26248 --- [           main] o.hibernate.jpa.internal.util.LogHelper  : HHH000204: Processing PersistenceUnitInfo [name: default]
2026-03-09T10:23:50.615+03:00  INFO 26248 --- [           main] o.h.c.internal.RegionFactoryInitiator    : HHH000026: Second-level cache disabled
2026-03-09T10:23:50.621+03:00  INFO 26248 --- [           main] o.s.o.j.p.SpringPersistenceUnitInfo      : No LoadTimeWeaver setup: ignoring JPA class transformer
2026-03-09T10:23:50.624+03:00  INFO 26248 --- [           main] com.zaxxer.hikari.HikariDataSource       : HikariPool-7 - Starting...
2026-03-09T10:23:50.625+03:00  INFO 26248 --- [           main] com.zaxxer.hikari.pool.HikariPool        : HikariPool-7 - Added connection conn60: url=jdbc:h2:mem:testdb user=SA
2026-03-09T10:23:50.626+03:00  INFO 26248 --- [           main] com.zaxxer.hikari.HikariDataSource       : HikariPool-7 - Start completed.
2026-03-09T10:23:50.626+03:00  WARN 26248 --- [           main] org.hibernate.orm.deprecation            : HHH90000025: H2Dialect does not need to be specified explicitly using 'hibernate.dialect' (remove the property setting and it will be selected by default)
2026-03-09T10:23:50.697+03:00  INFO 26248 --- [           main] o.h.e.t.j.p.i.JtaPlatformInitiator       : HHH000489: No JTA platform available (set 'hibernate.transaction.jta.platform' to enable JTA platform integration)
2026-03-09T10:23:50.705+03:00  INFO 26248 --- [           main] j.LocalContainerEntityManagerFactoryBean : Initialized JPA EntityManagerFactory for persistence unit 'default'
2026-03-09T10:23:50.807+03:00  WARN 26248 --- [           main] JpaBaseConfiguration$JpaWebConfiguration : spring.jpa.open-in-view is enabled by default. Therefore, database queries may be performed during view rendering. Explicitly configure spring.jpa.open-in-view to disable this warning
2026-03-09T10:23:50.867+03:00  INFO 26248 --- [           main] o.s.s.web.DefaultSecurityFilterChain     : Will secure any request with [org.springframework.security.web.session.DisableEncodeUrlFilter@3fac0cf4, org.springframework.security.web.context.request.async.WebAsyncManagerIntegrationFilter@2123bc64, org.springframework.security.web.context.SecurityContextHolderFilter@1545b9da, org.springframework.security.web.header.HeaderWriterFilter@7c78d028, org.springframework.web.filter.CorsFilter@763a53c1, org.springframework.security.web.authentication.logout.LogoutFilter@27672ed3, com.wealthwise.security.JwtAuthFilter@59e0cb10, org.springframework.security.web.savedrequest.RequestCacheAwareFilter@75573368, org.springframework.security.web.servletapi.SecurityContextHolderAwareRequestFilter@4f94547a, org.springframework.security.web.authentication.AnonymousAuthenticationFilter@4621d245, org.springframework.security.web.session.SessionManagementFilter@50001200, org.springframework.security.web.access.ExceptionTranslationFilter@4fa5fae0, org.springframework.security.web.access.intercept.AuthorizationFilter@6bd3bb6]
2026-03-09T10:23:50.920+03:00  INFO 26248 --- [           main] o.s.b.t.m.w.SpringBootMockServletContext : Initializing Spring TestDispatcherServlet ''
2026-03-09T10:23:50.920+03:00  INFO 26248 --- [           main] o.s.t.web.servlet.TestDispatcherServlet  : Initializing Servlet ''
2026-03-09T10:23:50.921+03:00  INFO 26248 --- [           main] o.s.t.web.servlet.TestDispatcherServlet  : Completed initialization in 1 ms
2026-03-09T10:23:50.926+03:00  INFO 26248 --- [           main] c.w.controller.GoalControllerTest        : Started GoalControllerTest in 0.651 seconds (process running for 14.673)
2026-03-09T10:23:51.392+03:00  INFO 26248 --- [           main] j.LocalContainerEntityManagerFactoryBean : Closing JPA EntityManagerFactory for persistence unit 'default'
2026-03-09T10:23:51.394+03:00  INFO 26248 --- [           main] com.zaxxer.hikari.HikariDataSource       : HikariPool-7 - Shutdown initiated...
2026-03-09T10:23:51.394+03:00  INFO 26248 --- [           main] com.zaxxer.hikari.HikariDataSource       : HikariPool-7 - Shutdown completed.
]]></system-out>
  </testcase>
  <testcase name="delete_returns200AndRemovesGoal" classname="com.wealthwise.controller.GoalControllerTest" time="0.342">
    <system-out><![CDATA[
  .   ____          _            __ _ _
 /\\ / ___'_ __ _ _(_)_ __  __ _ \ \ \ \
( ( )\___ | '_ | '_| | '_ \/ _` | \ \ \ \
 \\/  ___)| |_)| | | | | || (_| |  ) ) ) )
  '  |____| .__|_| |_|_| |_\__, | / / / /
 =========|_|==============|___/=/_/_/_/
 :: Spring Boot ::                (v3.2.0)

2026-03-09T10:23:51.417+03:00  INFO 26248 --- [           main] c.w.controller.GoalControllerTest        : Starting GoalControllerTest using Java 25.0.2 with PID 26248 (started by hhub2 in C:\Users\hhub2\array\wealthwise\backend)
2026-03-09T10:23:51.417+03:00  INFO 26248 --- [           main] c.w.controller.GoalControllerTest        : The following 1 profile is active: "test"
2026-03-09T10:23:51.574+03:00  INFO 26248 --- [           main] .s.d.r.c.RepositoryConfigurationDelegate : Bootstrapping Spring Data JPA repositories in DEFAULT mode.
2026-03-09T10:23:51.589+03:00  INFO 26248 --- [           main] .s.d.r.c.RepositoryConfigurationDelegate : Finished Spring Data repository scanning in 14 ms. Found 4 JPA repository interfaces.
2026-03-09T10:23:51.643+03:00  INFO 26248 --- [           main] o.hibernate.jpa.internal.util.LogHelper  : HHH000204: Processing PersistenceUnitInfo [name: default]
2026-03-09T10:23:51.650+03:00  INFO 26248 --- [           main] o.h.c.internal.RegionFactoryInitiator    : HHH000026: Second-level cache disabled
2026-03-09T10:23:51.656+03:00  INFO 26248 --- [           main] o.s.o.j.p.SpringPersistenceUnitInfo      : No LoadTimeWeaver setup: ignoring JPA class transformer
2026-03-09T10:23:51.658+03:00  INFO 26248 --- [           main] com.zaxxer.hikari.HikariDataSource       : HikariPool-8 - Starting...
2026-03-09T10:23:51.659+03:00  INFO 26248 --- [           main] com.zaxxer.hikari.pool.HikariPool        : HikariPool-8 - Added connection conn70: url=jdbc:h2:mem:testdb user=SA
2026-03-09T10:23:51.659+03:00  INFO 26248 --- [           main] com.zaxxer.hikari.HikariDataSource       : HikariPool-8 - Start completed.
2026-03-09T10:23:51.660+03:00  WARN 26248 --- [           main] org.hibernate.orm.deprecation            : HHH90000025: H2Dialect does not need to be specified explicitly using 'hibernate.dialect' (remove the property setting and it will be selected by default)
2026-03-09T10:23:51.717+03:00  INFO 26248 --- [           main] o.h.e.t.j.p.i.JtaPlatformInitiator       : HHH000489: No JTA platform available (set 'hibernate.transaction.jta.platform' to enable JTA platform integration)
2026-03-09T10:23:51.725+03:00  INFO 26248 --- [           main] j.LocalContainerEntityManagerFactoryBean : Initialized JPA EntityManagerFactory for persistence unit 'default'
2026-03-09T10:23:51.815+03:00  WARN 26248 --- [           main] JpaBaseConfiguration$JpaWebConfiguration : spring.jpa.open-in-view is enabled by default. Therefore, database queries may be performed during view rendering. Explicitly configure spring.jpa.open-in-view to disable this warning
2026-03-09T10:23:51.868+03:00  INFO 26248 --- [           main] o.s.s.web.DefaultSecurityFilterChain     : Will secure any request with [org.springframework.security.web.session.DisableEncodeUrlFilter@1ab691b7, org.springframework.security.web.context.request.async.WebAsyncManagerIntegrationFilter@20674c52, org.springframework.security.web.context.SecurityContextHolderFilter@43c58698, org.springframework.security.web.header.HeaderWriterFilter@168af28a, org.springframework.web.filter.CorsFilter@904df8a, org.springframework.security.web.authentication.logout.LogoutFilter@6479596, com.wealthwise.security.JwtAuthFilter@66adb24, org.springframework.security.web.savedrequest.RequestCacheAwareFilter@712d42ed, org.springframework.security.web.servletapi.SecurityContextHolderAwareRequestFilter@30f2e0e0, org.springframework.security.web.authentication.AnonymousAuthenticationFilter@3922d85c, org.springframework.security.web.session.SessionManagementFilter@12b0b36, org.springframework.security.web.access.ExceptionTranslationFilter@402e4e9b, org.springframework.security.web.access.intercept.AuthorizationFilter@3ab48325]
2026-03-09T10:23:51.918+03:00  INFO 26248 --- [           main] o.s.b.t.m.w.SpringBootMockServletContext : Initializing Spring TestDispatcherServlet ''
2026-03-09T10:23:51.918+03:00  INFO 26248 --- [           main] o.s.t.web.servlet.TestDispatcherServlet  : Initializing Servlet ''
2026-03-09T10:23:51.918+03:00  INFO 26248 --- [           main] o.s.t.web.servlet.TestDispatcherServlet  : Completed initialization in 0 ms
2026-03-09T10:23:51.923+03:00  INFO 26248 --- [           main] c.w.controller.GoalControllerTest        : Started GoalControllerTest in 0.527 seconds (process running for 15.67)
2026-03-09T10:23:52.405+03:00  INFO 26248 --- [           main] j.LocalContainerEntityManagerFactoryBean : Closing JPA EntityManagerFactory for persistence unit 'default'
2026-03-09T10:23:52.407+03:00  INFO 26248 --- [           main] com.zaxxer.hikari.HikariDataSource       : HikariPool-8 - Shutdown initiated...
2026-03-09T10:23:52.407+03:00  INFO 26248 --- [           main] com.zaxxer.hikari.HikariDataSource       : HikariPool-8 - Shutdown completed.
]]></system-out>
  </testcase>
  <testcase name="getAll_returns403WithoutToken" classname="com.wealthwise.controller.GoalControllerTest" time="0.275">
    <system-out><![CDATA[
  .   ____          _            __ _ _
 /\\ / ___'_ __ _ _(_)_ __  __ _ \ \ \ \
( ( )\___ | '_ | '_| | '_ \/ _` | \ \ \ \
 \\/  ___)| |_)| | | | | || (_| |  ) ) ) )
  '  |____| .__|_| |_|_| |_\__, | / / / /
 =========|_|==============|___/=/_/_/_/
 :: Spring Boot ::                (v3.2.0)

2026-03-09T10:23:52.429+03:00  INFO 26248 --- [           main] c.w.controller.GoalControllerTest        : Starting GoalControllerTest using Java 25.0.2 with PID 26248 (started by hhub2 in C:\Users\hhub2\array\wealthwise\backend)
2026-03-09T10:23:52.429+03:00  INFO 26248 --- [           main] c.w.controller.GoalControllerTest        : The following 1 profile is active: "test"
2026-03-09T10:23:52.580+03:00  INFO 26248 --- [           main] .s.d.r.c.RepositoryConfigurationDelegate : Bootstrapping Spring Data JPA repositories in DEFAULT mode.
2026-03-09T10:23:52.594+03:00  INFO 26248 --- [           main] .s.d.r.c.RepositoryConfigurationDelegate : Finished Spring Data repository scanning in 13 ms. Found 4 JPA repository interfaces.
2026-03-09T10:23:52.649+03:00  INFO 26248 --- [           main] o.hibernate.jpa.internal.util.LogHelper  : HHH000204: Processing PersistenceUnitInfo [name: default]
2026-03-09T10:23:52.656+03:00  INFO 26248 --- [           main] o.h.c.internal.RegionFactoryInitiator    : HHH000026: Second-level cache disabled
2026-03-09T10:23:52.661+03:00  INFO 26248 --- [           main] o.s.o.j.p.SpringPersistenceUnitInfo      : No LoadTimeWeaver setup: ignoring JPA class transformer
2026-03-09T10:23:52.664+03:00  INFO 26248 --- [           main] com.zaxxer.hikari.HikariDataSource       : HikariPool-9 - Starting...
2026-03-09T10:23:52.665+03:00  INFO 26248 --- [           main] com.zaxxer.hikari.pool.HikariPool        : HikariPool-9 - Added connection conn80: url=jdbc:h2:mem:testdb user=SA
2026-03-09T10:23:52.665+03:00  INFO 26248 --- [           main] com.zaxxer.hikari.HikariDataSource       : HikariPool-9 - Start completed.
2026-03-09T10:23:52.665+03:00  WARN 26248 --- [           main] org.hibernate.orm.deprecation            : HHH90000025: H2Dialect does not need to be specified explicitly using 'hibernate.dialect' (remove the property setting and it will be selected by default)
2026-03-09T10:23:52.722+03:00  INFO 26248 --- [           main] o.h.e.t.j.p.i.JtaPlatformInitiator       : HHH000489: No JTA platform available (set 'hibernate.transaction.jta.platform' to enable JTA platform integration)
2026-03-09T10:23:52.729+03:00  INFO 26248 --- [           main] j.LocalContainerEntityManagerFactoryBean : Initialized JPA EntityManagerFactory for persistence unit 'default'
2026-03-09T10:23:52.815+03:00  WARN 26248 --- [           main] JpaBaseConfiguration$JpaWebConfiguration : spring.jpa.open-in-view is enabled by default. Therefore, database queries may be performed during view rendering. Explicitly configure spring.jpa.open-in-view to disable this warning
2026-03-09T10:23:52.857+03:00  INFO 26248 --- [           main] o.s.s.web.DefaultSecurityFilterChain     : Will secure any request with [org.springframework.security.web.session.DisableEncodeUrlFilter@25232234, org.springframework.security.web.context.request.async.WebAsyncManagerIntegrationFilter@15d0cd8c, org.springframework.security.web.context.SecurityContextHolderFilter@4a767290, org.springframework.security.web.header.HeaderWriterFilter@56677422, org.springframework.web.filter.CorsFilter@76a0e2af, org.springframework.security.web.authentication.logout.LogoutFilter@48698a4, com.wealthwise.security.JwtAuthFilter@41719f09, org.springframework.security.web.savedrequest.RequestCacheAwareFilter@1b1d094a, org.springframework.security.web.servletapi.SecurityContextHolderAwareRequestFilter@76b6b86f, org.springframework.security.web.authentication.AnonymousAuthenticationFilter@5fc46215, org.springframework.security.web.session.SessionManagementFilter@5c6af94d, org.springframework.security.web.access.ExceptionTranslationFilter@30fc38cc, org.springframework.security.web.access.intercept.AuthorizationFilter@34942d7c]
2026-03-09T10:23:52.898+03:00  INFO 26248 --- [           main] o.s.b.t.m.w.SpringBootMockServletContext : Initializing Spring TestDispatcherServlet ''
2026-03-09T10:23:52.898+03:00  INFO 26248 --- [           main] o.s.t.web.servlet.TestDispatcherServlet  : Initializing Servlet ''
2026-03-09T10:23:52.898+03:00  INFO 26248 --- [           main] o.s.t.web.servlet.TestDispatcherServlet  : Completed initialization in 0 ms
2026-03-09T10:23:52.902+03:00  INFO 26248 --- [           main] c.w.controller.GoalControllerTest        : Started GoalControllerTest in 0.492 seconds (process running for 16.649)
2026-03-09T10:23:53.305+03:00  INFO 26248 --- [           main] j.LocalContainerEntityManagerFactoryBean : Closing JPA EntityManagerFactory for persistence unit 'default'
2026-03-09T10:23:53.307+03:00  INFO 26248 --- [           main] com.zaxxer.hikari.HikariDataSource       : HikariPool-9 - Shutdown initiated...
2026-03-09T10:23:53.308+03:00  INFO 26248 --- [           main] com.zaxxer.hikari.HikariDataSource       : HikariPool-9 - Shutdown completed.
]]></system-out>
  </testcase>
  <testcase name="deposit_updatesGoalSavedAmount" classname="com.wealthwise.controller.GoalControllerTest" time="0.35">
    <system-out><![CDATA[
  .   ____          _            __ _ _
 /\\ / ___'_ __ _ _(_)_ __  __ _ \ \ \ \
( ( )\___ | '_ | '_| | '_ \/ _` | \ \ \ \
 \\/  ___)| |_)| | | | | || (_| |  ) ) ) )
  '  |____| .__|_| |_|_| |_\__, | / / / /
 =========|_|==============|___/=/_/_/_/
 :: Spring Boot ::                (v3.2.0)

2026-03-09T10:23:53.338+03:00  INFO 26248 --- [           main] c.w.controller.GoalControllerTest        : Starting GoalControllerTest using Java 25.0.2 with PID 26248 (started by hhub2 in C:\Users\hhub2\array\wealthwise\backend)
2026-03-09T10:23:53.338+03:00  INFO 26248 --- [           main] c.w.controller.GoalControllerTest        : The following 1 profile is active: "test"
2026-03-09T10:23:53.561+03:00  INFO 26248 --- [           main] .s.d.r.c.RepositoryConfigurationDelegate : Bootstrapping Spring Data JPA repositories in DEFAULT mode.
2026-03-09T10:23:53.578+03:00  INFO 26248 --- [           main] .s.d.r.c.RepositoryConfigurationDelegate : Finished Spring Data repository scanning in 17 ms. Found 4 JPA repository interfaces.
2026-03-09T10:23:53.642+03:00  INFO 26248 --- [           main] o.hibernate.jpa.internal.util.LogHelper  : HHH000204: Processing PersistenceUnitInfo [name: default]
2026-03-09T10:23:53.650+03:00  INFO 26248 --- [           main] o.h.c.internal.RegionFactoryInitiator    : HHH000026: Second-level cache disabled
2026-03-09T10:23:53.655+03:00  INFO 26248 --- [           main] o.s.o.j.p.SpringPersistenceUnitInfo      : No LoadTimeWeaver setup: ignoring JPA class transformer
2026-03-09T10:23:53.659+03:00  INFO 26248 --- [           main] com.zaxxer.hikari.HikariDataSource       : HikariPool-10 - Starting...
2026-03-09T10:23:53.660+03:00  INFO 26248 --- [           main] com.zaxxer.hikari.pool.HikariPool        : HikariPool-10 - Added connection conn90: url=jdbc:h2:mem:testdb user=SA
2026-03-09T10:23:53.660+03:00  INFO 26248 --- [           main] com.zaxxer.hikari.HikariDataSource       : HikariPool-10 - Start completed.
2026-03-09T10:23:53.661+03:00  WARN 26248 --- [           main] org.hibernate.orm.deprecation            : HHH90000025: H2Dialect does not need to be specified explicitly using 'hibernate.dialect' (remove the property setting and it will be selected by default)
2026-03-09T10:23:53.734+03:00  INFO 26248 --- [           main] o.h.e.t.j.p.i.JtaPlatformInitiator       : HHH000489: No JTA platform available (set 'hibernate.transaction.jta.platform' to enable JTA platform integration)
2026-03-09T10:23:53.743+03:00  INFO 26248 --- [           main] j.LocalContainerEntityManagerFactoryBean : Initialized JPA EntityManagerFactory for persistence unit 'default'
2026-03-09T10:23:53.846+03:00  WARN 26248 --- [           main] JpaBaseConfiguration$JpaWebConfiguration : spring.jpa.open-in-view is enabled by default. Therefore, database queries may be performed during view rendering. Explicitly configure spring.jpa.open-in-view to disable this warning
2026-03-09T10:23:53.903+03:00  INFO 26248 --- [           main] o.s.s.web.DefaultSecurityFilterChain     : Will secure any request with [org.springframework.security.web.session.DisableEncodeUrlFilter@104f10a7, org.springframework.security.web.context.request.async.WebAsyncManagerIntegrationFilter@30524cdf, org.springframework.security.web.context.SecurityContextHolderFilter@713c4d95, org.springframework.security.web.header.HeaderWriterFilter@6e78d8f9, org.springframework.web.filter.CorsFilter@14001fb7, org.springframework.security.web.authentication.logout.LogoutFilter@2b217392, com.wealthwise.security.JwtAuthFilter@1269cebf, org.springframework.security.web.savedrequest.RequestCacheAwareFilter@50f7521d, org.springframework.security.web.servletapi.SecurityContextHolderAwareRequestFilter@78e0f7ea, org.springframework.security.web.authentication.AnonymousAuthenticationFilter@202bb083, org.springframework.security.web.session.SessionManagementFilter@2fdde3e3, org.springframework.security.web.access.ExceptionTranslationFilter@3344bc4, org.springframework.security.web.access.intercept.AuthorizationFilter@3e0c4b29]
2026-03-09T10:23:53.955+03:00  INFO 26248 --- [           main] o.s.b.t.m.w.SpringBootMockServletContext : Initializing Spring TestDispatcherServlet ''
2026-03-09T10:23:53.956+03:00  INFO 26248 --- [           main] o.s.t.web.servlet.TestDispatcherServlet  : Initializing Servlet ''
2026-03-09T10:23:53.956+03:00  INFO 26248 --- [           main] o.s.t.web.servlet.TestDispatcherServlet  : Completed initialization in 0 ms
2026-03-09T10:23:53.962+03:00  INFO 26248 --- [           main] c.w.controller.GoalControllerTest        : Started GoalControllerTest in 0.652 seconds (process running for 17.709)
2026-03-09T10:23:54.459+03:00  INFO 26248 --- [           main] j.LocalContainerEntityManagerFactoryBean : Closing JPA EntityManagerFactory for persistence unit 'default'
2026-03-09T10:23:54.460+03:00  INFO 26248 --- [           main] com.zaxxer.hikari.HikariDataSource       : HikariPool-10 - Shutdown initiated...
2026-03-09T10:23:54.461+03:00  INFO 26248 --- [           main] com.zaxxer.hikari.HikariDataSource       : HikariPool-10 - Shutdown completed.
]]></system-out>
  </testcase>
  <testcase name="deposit_capsAtTargetAmount" classname="com.wealthwise.controller.GoalControllerTest" time="0.279">
    <system-out><![CDATA[
  .   ____          _            __ _ _
 /\\ / ___'_ __ _ _(_)_ __  __ _ \ \ \ \
( ( )\___ | '_ | '_| | '_ \/ _` | \ \ \ \
 \\/  ___)| |_)| | | | | || (_| |  ) ) ) )
  '  |____| .__|_| |_|_| |_\__, | / / / /
 =========|_|==============|___/=/_/_/_/
 :: Spring Boot ::                (v3.2.0)

2026-03-09T10:23:54.488+03:00  INFO 26248 --- [           main] c.w.controller.GoalControllerTest        : Starting GoalControllerTest using Java 25.0.2 with PID 26248 (started by hhub2 in C:\Users\hhub2\array\wealthwise\backend)
2026-03-09T10:23:54.488+03:00  INFO 26248 --- [           main] c.w.controller.GoalControllerTest        : The following 1 profile is active: "test"
2026-03-09T10:23:54.735+03:00  INFO 26248 --- [           main] .s.d.r.c.RepositoryConfigurationDelegate : Bootstrapping Spring Data JPA repositories in DEFAULT mode.
2026-03-09T10:23:54.750+03:00  INFO 26248 --- [           main] .s.d.r.c.RepositoryConfigurationDelegate : Finished Spring Data repository scanning in 15 ms. Found 4 JPA repository interfaces.
2026-03-09T10:23:54.807+03:00  INFO 26248 --- [           main] o.hibernate.jpa.internal.util.LogHelper  : HHH000204: Processing PersistenceUnitInfo [name: default]
2026-03-09T10:23:54.813+03:00  INFO 26248 --- [           main] o.h.c.internal.RegionFactoryInitiator    : HHH000026: Second-level cache disabled
2026-03-09T10:23:54.821+03:00  INFO 26248 --- [           main] o.s.o.j.p.SpringPersistenceUnitInfo      : No LoadTimeWeaver setup: ignoring JPA class transformer
2026-03-09T10:23:54.824+03:00  INFO 26248 --- [           main] com.zaxxer.hikari.HikariDataSource       : HikariPool-11 - Starting...
2026-03-09T10:23:54.825+03:00  INFO 26248 --- [           main] com.zaxxer.hikari.pool.HikariPool        : HikariPool-11 - Added connection conn100: url=jdbc:h2:mem:testdb user=SA
2026-03-09T10:23:54.825+03:00  INFO 26248 --- [           main] com.zaxxer.hikari.HikariDataSource       : HikariPool-11 - Start completed.
2026-03-09T10:23:54.826+03:00  WARN 26248 --- [           main] org.hibernate.orm.deprecation            : HHH90000025: H2Dialect does not need to be specified explicitly using 'hibernate.dialect' (remove the property setting and it will be selected by default)
2026-03-09T10:23:54.885+03:00  INFO 26248 --- [           main] o.h.e.t.j.p.i.JtaPlatformInitiator       : HHH000489: No JTA platform available (set 'hibernate.transaction.jta.platform' to enable JTA platform integration)
2026-03-09T10:23:54.892+03:00  INFO 26248 --- [           main] j.LocalContainerEntityManagerFactoryBean : Initialized JPA EntityManagerFactory for persistence unit 'default'
2026-03-09T10:23:54.963+03:00  WARN 26248 --- [           main] JpaBaseConfiguration$JpaWebConfiguration : spring.jpa.open-in-view is enabled by default. Therefore, database queries may be performed during view rendering. Explicitly configure spring.jpa.open-in-view to disable this warning
2026-03-09T10:23:55.009+03:00  INFO 26248 --- [           main] o.s.s.web.DefaultSecurityFilterChain     : Will secure any request with [org.springframework.security.web.session.DisableEncodeUrlFilter@6d819279, org.springframework.security.web.context.request.async.WebAsyncManagerIntegrationFilter@21aae497, org.springframework.security.web.context.SecurityContextHolderFilter@332c8e2c, org.springframework.security.web.header.HeaderWriterFilter@73e3e7da, org.springframework.web.filter.CorsFilter@74f8dc1b, org.springframework.security.web.authentication.logout.LogoutFilter@40818cc2, com.wealthwise.security.JwtAuthFilter@633301e2, org.springframework.security.web.savedrequest.RequestCacheAwareFilter@2f98755d, org.springframework.security.web.servletapi.SecurityContextHolderAwareRequestFilter@43a99a43, org.springframework.security.web.authentication.AnonymousAuthenticationFilter@68e71dca, org.springframework.security.web.session.SessionManagementFilter@253e291e, org.springframework.security.web.access.ExceptionTranslationFilter@e425d41, org.springframework.security.web.access.intercept.AuthorizationFilter@23abc758]
2026-03-09T10:23:55.050+03:00  INFO 26248 --- [           main] o.s.b.t.m.w.SpringBootMockServletContext : Initializing Spring TestDispatcherServlet ''
2026-03-09T10:23:55.050+03:00  INFO 26248 --- [           main] o.s.t.web.servlet.TestDispatcherServlet  : Initializing Servlet ''
2026-03-09T10:23:55.051+03:00  INFO 26248 --- [           main] o.s.t.web.servlet.TestDispatcherServlet  : Completed initialization in 1 ms
2026-03-09T10:23:55.055+03:00  INFO 26248 --- [           main] c.w.controller.GoalControllerTest        : Started GoalControllerTest in 0.591 seconds (process running for 18.802)
2026-03-09T10:23:55.460+03:00  INFO 26248 --- [           main] j.LocalContainerEntityManagerFactoryBean : Closing JPA EntityManagerFactory for persistence unit 'default'
2026-03-09T10:23:55.461+03:00  INFO 26248 --- [           main] com.zaxxer.hikari.HikariDataSource       : HikariPool-11 - Shutdown initiated...
2026-03-09T10:23:55.462+03:00  INFO 26248 --- [           main] com.zaxxer.hikari.HikariDataSource       : HikariPool-11 - Shutdown completed.
]]></system-out>
  </testcase>
  <testcase name="create_returns200WithCorrectData" classname="com.wealthwise.controller.GoalControllerTest" time="0.282">
    <system-out><![CDATA[
  .   ____          _            __ _ _
 /\\ / ___'_ __ _ _(_)_ __  __ _ \ \ \ \
( ( )\___ | '_ | '_| | '_ \/ _` | \ \ \ \
 \\/  ___)| |_)| | | | | || (_| |  ) ) ) )
  '  |____| .__|_| |_|_| |_\__, | / / / /
 =========|_|==============|___/=/_/_/_/
 :: Spring Boot ::                (v3.2.0)

2026-03-09T10:23:55.481+03:00  INFO 26248 --- [           main] c.w.controller.GoalControllerTest        : Starting GoalControllerTest using Java 25.0.2 with PID 26248 (started by hhub2 in C:\Users\hhub2\array\wealthwise\backend)
2026-03-09T10:23:55.481+03:00  INFO 26248 --- [           main] c.w.controller.GoalControllerTest        : The following 1 profile is active: "test"
2026-03-09T10:23:55.609+03:00  INFO 26248 --- [           main] .s.d.r.c.RepositoryConfigurationDelegate : Bootstrapping Spring Data JPA repositories in DEFAULT mode.
2026-03-09T10:23:55.625+03:00  INFO 26248 --- [           main] .s.d.r.c.RepositoryConfigurationDelegate : Finished Spring Data repository scanning in 15 ms. Found 4 JPA repository interfaces.
2026-03-09T10:23:55.666+03:00  INFO 26248 --- [           main] o.hibernate.jpa.internal.util.LogHelper  : HHH000204: Processing PersistenceUnitInfo [name: default]
2026-03-09T10:23:55.670+03:00  INFO 26248 --- [           main] o.h.c.internal.RegionFactoryInitiator    : HHH000026: Second-level cache disabled
2026-03-09T10:23:55.674+03:00  INFO 26248 --- [           main] o.s.o.j.p.SpringPersistenceUnitInfo      : No LoadTimeWeaver setup: ignoring JPA class transformer
2026-03-09T10:23:55.676+03:00  INFO 26248 --- [           main] com.zaxxer.hikari.HikariDataSource       : HikariPool-12 - Starting...
2026-03-09T10:23:55.677+03:00  INFO 26248 --- [           main] com.zaxxer.hikari.pool.HikariPool        : HikariPool-12 - Added connection conn110: url=jdbc:h2:mem:testdb user=SA
2026-03-09T10:23:55.677+03:00  INFO 26248 --- [           main] com.zaxxer.hikari.HikariDataSource       : HikariPool-12 - Start completed.
2026-03-09T10:23:55.677+03:00  WARN 26248 --- [           main] org.hibernate.orm.deprecation            : HHH90000025: H2Dialect does not need to be specified explicitly using 'hibernate.dialect' (remove the property setting and it will be selected by default)
2026-03-09T10:23:55.723+03:00  INFO 26248 --- [           main] o.h.e.t.j.p.i.JtaPlatformInitiator       : HHH000489: No JTA platform available (set 'hibernate.transaction.jta.platform' to enable JTA platform integration)
2026-03-09T10:23:55.730+03:00  INFO 26248 --- [           main] j.LocalContainerEntityManagerFactoryBean : Initialized JPA EntityManagerFactory for persistence unit 'default'
2026-03-09T10:23:55.793+03:00  WARN 26248 --- [           main] JpaBaseConfiguration$JpaWebConfiguration : spring.jpa.open-in-view is enabled by default. Therefore, database queries may be performed during view rendering. Explicitly configure spring.jpa.open-in-view to disable this warning
2026-03-09T10:23:55.840+03:00  INFO 26248 --- [           main] o.s.s.web.DefaultSecurityFilterChain     : Will secure any request with [org.springframework.security.web.session.DisableEncodeUrlFilter@e249b2c, org.springframework.security.web.context.request.async.WebAsyncManagerIntegrationFilter@c2efa73, org.springframework.security.web.context.SecurityContextHolderFilter@c0f8dd, org.springframework.security.web.header.HeaderWriterFilter@2568bffc, org.springframework.web.filter.CorsFilter@2b0e6d8f, org.springframework.security.web.authentication.logout.LogoutFilter@5d8be063, com.wealthwise.security.JwtAuthFilter@6637971d, org.springframework.security.web.savedrequest.RequestCacheAwareFilter@2bd2edaf, org.springframework.security.web.servletapi.SecurityContextHolderAwareRequestFilter@4ba52076, org.springframework.security.web.authentication.AnonymousAuthenticationFilter@6528f1fa, org.springframework.security.web.session.SessionManagementFilter@632e4217, org.springframework.security.web.access.ExceptionTranslationFilter@53df0cd6, org.springframework.security.web.access.intercept.AuthorizationFilter@3cceb3f]
2026-03-09T10:23:55.879+03:00  INFO 26248 --- [           main] o.s.b.t.m.w.SpringBootMockServletContext : Initializing Spring TestDispatcherServlet ''
2026-03-09T10:23:55.879+03:00  INFO 26248 --- [           main] o.s.t.web.servlet.TestDispatcherServlet  : Initializing Servlet ''
2026-03-09T10:23:55.879+03:00  INFO 26248 --- [           main] o.s.t.web.servlet.TestDispatcherServlet  : Completed initialization in 0 ms
2026-03-09T10:23:55.884+03:00  INFO 26248 --- [           main] c.w.controller.GoalControllerTest        : Started GoalControllerTest in 0.42 seconds (process running for 19.631)
2026-03-09T10:23:56.291+03:00  INFO 26248 --- [           main] j.LocalContainerEntityManagerFactoryBean : Closing JPA EntityManagerFactory for persistence unit 'default'
2026-03-09T10:23:56.292+03:00  INFO 26248 --- [           main] com.zaxxer.hikari.HikariDataSource       : HikariPool-12 - Shutdown initiated...
2026-03-09T10:23:56.293+03:00  INFO 26248 --- [           main] com.zaxxer.hikari.HikariDataSource       : HikariPool-12 - Shutdown completed.
]]></system-out>
  </testcase>
  <testcase name="getAll_returns200WithValidToken" classname="com.wealthwise.controller.GoalControllerTest" time="0.251">
    <system-out><![CDATA[
  .   ____          _            __ _ _
 /\\ / ___'_ __ _ _(_)_ __  __ _ \ \ \ \
( ( )\___ | '_ | '_| | '_ \/ _` | \ \ \ \
 \\/  ___)| |_)| | | | | || (_| |  ) ) ) )
  '  |____| .__|_| |_|_| |_\__, | / / / /
 =========|_|==============|___/=/_/_/_/
 :: Spring Boot ::                (v3.2.0)

2026-03-09T10:23:56.315+03:00  INFO 26248 --- [           main] c.w.controller.GoalControllerTest        : Starting GoalControllerTest using Java 25.0.2 with PID 26248 (started by hhub2 in C:\Users\hhub2\array\wealthwise\backend)
2026-03-09T10:23:56.315+03:00  INFO 26248 --- [           main] c.w.controller.GoalControllerTest        : The following 1 profile is active: "test"
2026-03-09T10:23:56.469+03:00  INFO 26248 --- [           main] .s.d.r.c.RepositoryConfigurationDelegate : Bootstrapping Spring Data JPA repositories in DEFAULT mode.
2026-03-09T10:23:56.482+03:00  INFO 26248 --- [           main] .s.d.r.c.RepositoryConfigurationDelegate : Finished Spring Data repository scanning in 13 ms. Found 4 JPA repository interfaces.
2026-03-09T10:23:56.527+03:00  INFO 26248 --- [           main] o.hibernate.jpa.internal.util.LogHelper  : HHH000204: Processing PersistenceUnitInfo [name: default]
2026-03-09T10:23:56.532+03:00  INFO 26248 --- [           main] o.h.c.internal.RegionFactoryInitiator    : HHH000026: Second-level cache disabled
2026-03-09T10:23:56.537+03:00  INFO 26248 --- [           main] o.s.o.j.p.SpringPersistenceUnitInfo      : No LoadTimeWeaver setup: ignoring JPA class transformer
2026-03-09T10:23:56.539+03:00  INFO 26248 --- [           main] com.zaxxer.hikari.HikariDataSource       : HikariPool-13 - Starting...
2026-03-09T10:23:56.540+03:00  INFO 26248 --- [           main] com.zaxxer.hikari.pool.HikariPool        : HikariPool-13 - Added connection conn120: url=jdbc:h2:mem:testdb user=SA
2026-03-09T10:23:56.540+03:00  INFO 26248 --- [           main] com.zaxxer.hikari.HikariDataSource       : HikariPool-13 - Start completed.
2026-03-09T10:23:56.540+03:00  WARN 26248 --- [           main] org.hibernate.orm.deprecation            : HHH90000025: H2Dialect does not need to be specified explicitly using 'hibernate.dialect' (remove the property setting and it will be selected by default)
2026-03-09T10:23:56.583+03:00  INFO 26248 --- [           main] o.h.e.t.j.p.i.JtaPlatformInitiator       : HHH000489: No JTA platform available (set 'hibernate.transaction.jta.platform' to enable JTA platform integration)
2026-03-09T10:23:56.590+03:00  INFO 26248 --- [           main] j.LocalContainerEntityManagerFactoryBean : Initialized JPA EntityManagerFactory for persistence unit 'default'
2026-03-09T10:23:56.657+03:00  WARN 26248 --- [           main] JpaBaseConfiguration$JpaWebConfiguration : spring.jpa.open-in-view is enabled by default. Therefore, database queries may be performed during view rendering. Explicitly configure spring.jpa.open-in-view to disable this warning
2026-03-09T10:23:56.692+03:00  INFO 26248 --- [           main] o.s.s.web.DefaultSecurityFilterChain     : Will secure any request with [org.springframework.security.web.session.DisableEncodeUrlFilter@132ca6b3, org.springframework.security.web.context.request.async.WebAsyncManagerIntegrationFilter@7b50d62, org.springframework.security.web.context.SecurityContextHolderFilter@9d7f34a, org.springframework.security.web.header.HeaderWriterFilter@335cb6cd, org.springframework.web.filter.CorsFilter@2867e79, org.springframework.security.web.authentication.logout.LogoutFilter@59a9a490, com.wealthwise.security.JwtAuthFilter@1daaed00, org.springframework.security.web.savedrequest.RequestCacheAwareFilter@3db3b4b1, org.springframework.security.web.servletapi.SecurityContextHolderAwareRequestFilter@6b8f9714, org.springframework.security.web.authentication.AnonymousAuthenticationFilter@6695efc9, org.springframework.security.web.session.SessionManagementFilter@507a8462, org.springframework.security.web.access.ExceptionTranslationFilter@25a22e57, org.springframework.security.web.access.intercept.AuthorizationFilter@6ebf8a38]
2026-03-09T10:23:56.739+03:00  INFO 26248 --- [           main] o.s.b.t.m.w.SpringBootMockServletContext : Initializing Spring TestDispatcherServlet ''
2026-03-09T10:23:56.739+03:00  INFO 26248 --- [           main] o.s.t.web.servlet.TestDispatcherServlet  : Initializing Servlet ''
2026-03-09T10:23:56.739+03:00  INFO 26248 --- [           main] o.s.t.web.servlet.TestDispatcherServlet  : Completed initialization in 0 ms
2026-03-09T10:23:56.743+03:00  INFO 26248 --- [           main] c.w.controller.GoalControllerTest        : Started GoalControllerTest in 0.448 seconds (process running for 20.49)
2026-03-09T10:23:57.106+03:00  INFO 26248 --- [           main] j.LocalContainerEntityManagerFactoryBean : Closing JPA EntityManagerFactory for persistence unit 'default'
2026-03-09T10:23:57.107+03:00  INFO 26248 --- [           main] com.zaxxer.hikari.HikariDataSource       : HikariPool-13 - Shutdown initiated...
2026-03-09T10:23:57.108+03:00  INFO 26248 --- [           main] com.zaxxer.hikari.HikariDataSource       : HikariPool-13 - Shutdown completed.
]]></system-out>
  </testcase>
</testsuite>