<?xml version="1.0" encoding="UTF-8"?>
<testsuite xmlns:xsi="http://www.w3.org/2001/XMLSchema-instance" xsi:noNamespaceSchemaLocation="https://maven.apache.org/surefire/maven-surefire-plugin/xsd/surefire-test-report-3.0.xsd" version="3.0" name="com.wealthwise.controller.TransactionControllerTest" time="7.267" tests="8" errors="0" skipped="0" failures="0">
  <properties>
[...]
</properties>
  <testcase name="getAll_returns403WithoutToken" classname="com.wealthwise.controller.TransactionControllerTest" time="0.257">
    <system-out><![CDATA[2026-03-09T10:23:57.111+03:00  INFO 26248 --- [           main] t.c.s.AnnotationConfigContextLoaderUtils : Could not detect default configuration classes for test class [com.wealthwise.controller.TransactionControllerTest]: TransactionControllerTest does not declare any static, non-private, non-final, nested classes annotated with @Configuration.
2026-03-09T10:23:57.112+03:00  INFO 26248 --- [           main] .b.t.c.SpringBootTestContextBootstrapper : Found @SpringBootConfiguration com.wealthwise.WealthWiseApplication for test class com.wealthwise.controller.TransactionControllerTest

  .   ____          _            __ _ _
 /\\ / ___'_ __ _ _(_)_ __  __ _ \ \ \ \
( ( )\___ | '_ | '_| | '_ \/ _` | \ \ \ \
 \\/  ___)| |_)| | | | | || (_| |  ) ) ) )
  '  |____| .__|_| |_|_| |_\__, | / / / /
 =========|_|==============|___/=/_/_/_/
 :: Spring Boot ::                (v3.2.0)

2026-03-09T10:23:57.132+03:00  INFO 26248 --- [           main] c.w.c.TransactionControllerTest          : Starting TransactionControllerTest using Java 25.0.2 with PID 26248 (started by hhub2 in C:\Users\hhub2\array\wealthwise\backend)
2026-03-09T10:23:57.132+03:00  INFO 26248 --- [           main] c.w.c.TransactionControllerTest          : The following 1 profile is active: "test"
2026-03-09T10:23:57.261+03:00  INFO 26248 --- [           main] .s.d.r.c.RepositoryConfigurationDelegate : Bootstrapping Spring Data JPA repositories in DEFAULT mode.
2026-03-09T10:23:57.272+03:00  INFO 26248 --- [           main] .s.d.r.c.RepositoryConfigurationDelegate : Finished Spring Data repository scanning in 11 ms. Found 4 JPA repository interfaces.
2026-03-09T10:23:57.314+03:00  INFO 26248 --- [           main] o.hibernate.jpa.internal.util.LogHelper  : HHH000204: Processing PersistenceUnitInfo [name: default]
2026-03-09T10:23:57.318+03:00  INFO 26248 --- [           main] o.h.c.internal.RegionFactoryInitiator    : HHH000026: Second-level cache disabled
2026-03-09T10:23:57.322+03:00  INFO 26248 --- [           main] o.s.o.j.p.SpringPersistenceUnitInfo      : No LoadTimeWeaver setup: ignoring JPA class transformer
2026-03-09T10:23:57.325+03:00  INFO 26248 --- [           main] com.zaxxer.hikari.HikariDataSource       : HikariPool-14 - Starting...
2026-03-09T10:23:57.326+03:00  INFO 26248 --- [           main] com.zaxxer.hikari.pool.HikariPool        : HikariPool-14 - Added connection conn130: url=jdbc:h2:mem:testdb user=SA
2026-03-09T10:23:57.326+03:00  INFO 26248 --- [           main] com.zaxxer.hikari.HikariDataSource       : HikariPool-14 - Start completed.
2026-03-09T10:23:57.326+03:00  WARN 26248 --- [           main] org.hibernate.orm.deprecation            : HHH90000025: H2Dialect does not need to be specified explicitly using 'hibernate.dialect' (remove the property setting and it will be selected by default)
2026-03-09T10:23:57.365+03:00  INFO 26248 --- [           main] o.h.e.t.j.p.i.JtaPlatformInitiator       : HHH000489: No JTA platform available (set 'hibernate.transaction.jta.platform' to enable JTA platform integration)
2026-03-09T10:23:57.372+03:00  INFO 26248 --- [           main] j.LocalContainerEntityManagerFactoryBean : Initialized JPA EntityManagerFactory for persistence unit 'default'
2026-03-09T10:23:57.444+03:00  WARN 26248 --- [           main] JpaBaseConfiguration$JpaWebConfiguration : spring.jpa.open-in-view is enabled by default. Therefore, database queries may be performed during view rendering. Explicitly configure spring.jpa.open-in-view to disable this warning
2026-03-09T10:23:57.476+03:00  INFO 26248 --- [           main] o.s.s.web.DefaultSecurityFilterChain     : Will secure any request with [org.springframework.security.web.session.DisableEncodeUrlFilter@6818def2, org.springframework.security.web.context.request.async.WebAsyncManagerIntegrationFilter@2bceb119, org.springframework.security.web.context.SecurityContextHolderFilter@3bcee4e7, org.springframework.security.web.header.HeaderWriterFilter@2868a883, org.springframework.web.filter.CorsFilter@362a157e, org.springframework.security.web.authentication.logout.LogoutFilter@2f6d9f0f, com.wealthwise.security.JwtAuthFilter@2272d4c, org.springframework.security.web.savedrequest.RequestCacheAwareFilter@6830b16d, org.springframework.security.web.servletapi.SecurityContextHolderAwareRequestFilter@5f12058, org.springframework.security.web.authentication.AnonymousAuthenticationFilter@715b4be6, org.springframework.security.web.session.SessionManagementFilter@641059e2, org.springframework.security.web.access.ExceptionTranslationFilter@7f559f0c, org.springframework.security.web.access.intercept.AuthorizationFilter@4ec4f3a9]
2026-03-09T10:23:57.524+03:00  INFO 26248 --- [           main] o.s.b.t.m.w.SpringBootMockServletContext : Initializing Spring TestDispatcherServlet ''
2026-03-09T10:23:57.524+03:00  INFO 26248 --- [           main] o.s.t.web.servlet.TestDispatcherServlet  : Initializing Servlet ''
2026-03-09T10:23:57.524+03:00  INFO 26248 --- [           main] o.s.t.web.servlet.TestDispatcherServlet  : Completed initialization in 0 ms
2026-03-09T10:23:57.530+03:00  INFO 26248 --- [           main] c.w.c.TransactionControllerTest          : Started TransactionControllerTest in 0.416 seconds (process running for 21.276)
2026-03-09T10:23:57.908+03:00  INFO 26248 --- [           main] j.LocalContainerEntityManagerFactoryBean : Closing JPA EntityManagerFactory for persistence unit 'default'
2026-03-09T10:23:57.909+03:00  INFO 26248 --- [           main] com.zaxxer.hikari.HikariDataSource       : HikariPool-14 - Shutdown initiated...
2026-03-09T10:23:57.909+03:00  INFO 26248 --- [           main] com.zaxxer.hikari.HikariDataSource       : HikariPool-14 - Shutdown completed.
]]></system-out>
  </testcase>
  <testcase name="delete_returns403WithoutToken" classname="com.wealthwise.controller.TransactionControllerTest" time="0.28">
    <system-out><![CDATA[
  .   ____          _            __ _ _
 /\\ / ___'_ __ _ _(_)_ __  __ _ \ \ \ \
( ( )\___ | '_ | '_| | '_ \/ _` | \ \ \ \
 \\/  ___)| |_)| | | | | || (_| |  ) ) ) )
  '  |____| .__|_| |_|_| |_\__, | / / / /
 =========|_|==============|___/=/_/_/_/
 :: Spring Boot ::                (v3.2.0)

2026-03-09T10:23:57.928+03:00  INFO 26248 --- [           main] c.w.c.TransactionControllerTest          : Starting TransactionControllerTest using Java 25.0.2 with PID 26248 (started by hhub2 in C:\Users\hhub2\array\wealthwise\backend)
2026-03-09T10:23:57.928+03:00  INFO 26248 --- [           main] c.w.c.TransactionControllerTest          : The following 1 profile is active: "test"
2026-03-09T10:23:58.068+03:00  INFO 26248 --- [           main] .s.d.r.c.RepositoryConfigurationDelegate : Bootstrapping Spring Data JPA repositories in DEFAULT mode.
2026-03-09T10:23:58.083+03:00  INFO 26248 --- [           main] .s.d.r.c.RepositoryConfigurationDelegate : Finished Spring Data repository scanning in 14 ms. Found 4 JPA repository interfaces.
2026-03-09T10:23:58.130+03:00  INFO 26248 --- [           main] o.hibernate.jpa.internal.util.LogHelper  : HHH000204: Processing PersistenceUnitInfo [name: default]
2026-03-09T10:23:58.135+03:00  INFO 26248 --- [           main] o.h.c.internal.RegionFactoryInitiator    : HHH000026: Second-level cache disabled
2026-03-09T10:23:58.141+03:00  INFO 26248 --- [           main] o.s.o.j.p.SpringPersistenceUnitInfo      : No LoadTimeWeaver setup: ignoring JPA class transformer
2026-03-09T10:23:58.144+03:00  INFO 26248 --- [           main] com.zaxxer.hikari.HikariDataSource       : HikariPool-15 - Starting...
2026-03-09T10:23:58.145+03:00  INFO 26248 --- [           main] com.zaxxer.hikari.pool.HikariPool        : HikariPool-15 - Added connection conn140: url=jdbc:h2:mem:testdb user=SA
2026-03-09T10:23:58.145+03:00  INFO 26248 --- [           main] com.zaxxer.hikari.HikariDataSource       : HikariPool-15 - Start completed.
2026-03-09T10:23:58.145+03:00  WARN 26248 --- [           main] org.hibernate.orm.deprecation            : HHH90000025: H2Dialect does not need to be specified explicitly using 'hibernate.dialect' (remove the property setting and it will be selected by default)
2026-03-09T10:23:58.191+03:00  INFO 26248 --- [           main] o.h.e.t.j.p.i.JtaPlatformInitiator       : HHH000489: No JTA platform available (set 'hibernate.transaction.jta.platform' to enable JTA platform integration)
2026-03-09T10:23:58.198+03:00  INFO 26248 --- [           main] j.LocalContainerEntityManagerFactoryBean : Initialized JPA EntityManagerFactory for persistence unit 'default'
2026-03-09T10:23:58.273+03:00  WARN 26248 --- [           main] JpaBaseConfiguration$JpaWebConfiguration : spring.jpa.open-in-view is enabled by default. Therefore, database queries may be performed during view rendering. Explicitly configure spring.jpa.open-in-view to disable this warning
2026-03-09T10:23:58.310+03:00  INFO 26248 --- [           main] o.s.s.web.DefaultSecurityFilterChain     : Will secure any request with [org.springframework.security.web.session.DisableEncodeUrlFilter@1544a1c3, org.springframework.security.web.context.request.async.WebAsyncManagerIntegrationFilter@85b4160, org.springframework.security.web.context.SecurityContextHolderFilter@d9bac0b, org.springframework.security.web.header.HeaderWriterFilter@74bc9781, org.springframework.web.filter.CorsFilter@48830a3f, org.springframework.security.web.authentication.logout.LogoutFilter@1441386b, com.wealthwise.security.JwtAuthFilter@4d1de87a, org.springframework.security.web.savedrequest.RequestCacheAwareFilter@7e0dbaf7, org.springframework.security.web.servletapi.SecurityContextHolderAwareRequestFilter@6e9d2a28, org.springframework.security.web.authentication.AnonymousAuthenticationFilter@6205e0d3, org.springframework.security.web.session.SessionManagementFilter@2db0fdb7, org.springframework.security.web.access.ExceptionTranslationFilter@53340a2d, org.springframework.security.web.access.intercept.AuthorizationFilter@4344a5]
2026-03-09T10:23:58.352+03:00  INFO 26248 --- [           main] o.s.b.t.m.w.SpringBootMockServletContext : Initializing Spring TestDispatcherServlet ''
2026-03-09T10:23:58.353+03:00  INFO 26248 --- [           main] o.s.t.web.servlet.TestDispatcherServlet  : Initializing Servlet ''
2026-03-09T10:23:58.353+03:00  INFO 26248 --- [           main] o.s.t.web.servlet.TestDispatcherServlet  : Completed initialization in 0 ms
2026-03-09T10:23:58.357+03:00  INFO 26248 --- [           main] c.w.c.TransactionControllerTest          : Started TransactionControllerTest in 0.444 seconds (process running for 22.104)
2026-03-09T10:23:58.771+03:00  INFO 26248 --- [           main] j.LocalContainerEntityManagerFactoryBean : Closing JPA EntityManagerFactory for persistence unit 'default'
2026-03-09T10:23:58.773+03:00  INFO 26248 --- [           main] com.zaxxer.hikari.HikariDataSource       : HikariPool-15 - Shutdown initiated...
2026-03-09T10:23:58.774+03:00  INFO 26248 --- [           main] com.zaxxer.hikari.HikariDataSource       : HikariPool-15 - Shutdown completed.
]]></system-out>
  </testcase>
  <testcase name="update_returns200WithUpdatedData" classname="com.wealthwise.controller.TransactionControllerTest" time="0.381">
    <system-out><![CDATA[
  .   ____          _            __ _ _
 /\\ / ___'_ __ _ _(_)_ __  __ _ \ \ \ \
( ( )\___ | '_ | '_| | '_ \/ _` | \ \ \ \
 \\/  ___)| |_)| | | | | || (_| |  ) ) ) )
  '  |____| .__|_| |_|_| |_\__, | / / / /
 =========|_|==============|___/=/_/_/_/
 :: Spring Boot ::                (v3.2.0)

2026-03-09T10:23:58.799+03:00  INFO 26248 --- [           main] c.w.c.TransactionControllerTest          : Starting TransactionControllerTest using Java 25.0.2 with PID 26248 (started by hhub2 in C:\Users\hhub2\array\wealthwise\backend)
2026-03-09T10:23:58.799+03:00  INFO 26248 --- [           main] c.w.c.TransactionControllerTest          : The following 1 profile is active: "test"
2026-03-09T10:23:58.957+03:00  INFO 26248 --- [           main] .s.d.r.c.RepositoryConfigurationDelegate : Bootstrapping Spring Data JPA repositories in DEFAULT mode.
2026-03-09T10:23:58.974+03:00  INFO 26248 --- [           main] .s.d.r.c.RepositoryConfigurationDelegate : Finished Spring Data repository scanning in 15 ms. Found 4 JPA repository interfaces.
2026-03-09T10:23:59.064+03:00  INFO 26248 --- [           main] o.hibernate.jpa.internal.util.LogHelper  : HHH000204: Processing PersistenceUnitInfo [name: default]
2026-03-09T10:23:59.069+03:00  INFO 26248 --- [           main] o.h.c.internal.RegionFactoryInitiator    : HHH000026: Second-level cache disabled
2026-03-09T10:23:59.077+03:00  INFO 26248 --- [           main] o.s.o.j.p.SpringPersistenceUnitInfo      : No LoadTimeWeaver setup: ignoring JPA class transformer
2026-03-09T10:23:59.080+03:00  INFO 26248 --- [           main] com.zaxxer.hikari.HikariDataSource       : HikariPool-16 - Starting...
2026-03-09T10:23:59.081+03:00  INFO 26248 --- [           main] com.zaxxer.hikari.pool.HikariPool        : HikariPool-16 - Added connection conn150: url=jdbc:h2:mem:testdb user=SA
2026-03-09T10:23:59.081+03:00  INFO 26248 --- [           main] com.zaxxer.hikari.HikariDataSource       : HikariPool-16 - Start completed.
2026-03-09T10:23:59.082+03:00  WARN 26248 --- [           main] org.hibernate.orm.deprecation            : HHH90000025: H2Dialect does not need to be specified explicitly using 'hibernate.dialect' (remove the property setting and it will be selected by default)
2026-03-09T10:23:59.158+03:00  INFO 26248 --- [           main] o.h.e.t.j.p.i.JtaPlatformInitiator       : HHH000489: No JTA platform available (set 'hibernate.transaction.jta.platform' to enable JTA platform integration)
2026-03-09T10:23:59.165+03:00  INFO 26248 --- [           main] j.LocalContainerEntityManagerFactoryBean : Initialized JPA EntityManagerFactory for persistence unit 'default'
2026-03-09T10:23:59.294+03:00  WARN 26248 --- [           main] JpaBaseConfiguration$JpaWebConfiguration : spring.jpa.open-in-view is enabled by default. Therefore, database queries may be performed during view rendering. Explicitly configure spring.jpa.open-in-view to disable this warning
2026-03-09T10:23:59.357+03:00  INFO 26248 --- [           main] o.s.s.web.DefaultSecurityFilterChain     : Will secure any request with [org.springframework.security.web.session.DisableEncodeUrlFilter@15ebcdc1, org.springframework.security.web.context.request.async.WebAsyncManagerIntegrationFilter@b71af3f, org.springframework.security.web.context.SecurityContextHolderFilter@57936a03, org.springframework.security.web.header.HeaderWriterFilter@3adcdbc0, org.springframework.web.filter.CorsFilter@45d316ae, org.springframework.security.web.authentication.logout.LogoutFilter@1061dca7, com.wealthwise.security.JwtAuthFilter@2315f89f, org.springframework.security.web.savedrequest.RequestCacheAwareFilter@45beec0c, org.springframework.security.web.servletapi.SecurityContextHolderAwareRequestFilter@19603da0, org.springframework.security.web.authentication.AnonymousAuthenticationFilter@75b986b9, org.springframework.security.web.session.SessionManagementFilter@6c5523c4, org.springframework.security.web.access.ExceptionTranslationFilter@1c21d3de, org.springframework.security.web.access.intercept.AuthorizationFilter@3a1828f7]
2026-03-09T10:23:59.439+03:00  INFO 26248 --- [           main] o.s.b.t.m.w.SpringBootMockServletContext : Initializing Spring TestDispatcherServlet ''
2026-03-09T10:23:59.439+03:00  INFO 26248 --- [           main] o.s.t.web.servlet.TestDispatcherServlet  : Initializing Servlet ''
2026-03-09T10:23:59.440+03:00  INFO 26248 --- [           main] o.s.t.web.servlet.TestDispatcherServlet  : Completed initialization in 1 ms
2026-03-09T10:23:59.445+03:00  INFO 26248 --- [           main] c.w.c.TransactionControllerTest          : Started TransactionControllerTest in 0.669 seconds (process running for 23.192)
2026-03-09T10:23:59.988+03:00  INFO 26248 --- [           main] j.LocalContainerEntityManagerFactoryBean : Closing JPA EntityManagerFactory for persistence unit 'default'
2026-03-09T10:23:59.989+03:00  INFO 26248 --- [           main] com.zaxxer.hikari.HikariDataSource       : HikariPool-16 - Shutdown initiated...
2026-03-09T10:23:59.990+03:00  INFO 26248 --- [           main] com.zaxxer.hikari.HikariDataSource       : HikariPool-16 - Shutdown completed.
]]></system-out>
  </testcase>
  <testcase name="delete_returns200AndRemovesTransaction" classname="com.wealthwise.controller.TransactionControllerTest" time="0.353">
    <system-out><![CDATA[
  .   ____          _            __ _ _
 /\\ / ___'_ __ _ _(_)_ __  __ _ \ \ \ \
( ( )\___ | '_ | '_| | '_ \/ _` | \ \ \ \
 \\/  ___)| |_)| | | | | || (_| |  ) ) ) )
  '  |____| .__|_| |_|_| |_\__, | / / / /
 =========|_|==============|___/=/_/_/_/
 :: Spring Boot ::                (v3.2.0)

2026-03-09T10:24:00.027+03:00  INFO 26248 --- [           main] c.w.c.TransactionControllerTest          : Starting TransactionControllerTest using Java 25.0.2 with PID 26248 (started by hhub2 in C:\Users\hhub2\array\wealthwise\backend)
2026-03-09T10:24:00.027+03:00  INFO 26248 --- [           main] c.w.c.TransactionControllerTest          : The following 1 profile is active: "test"
2026-03-09T10:24:00.248+03:00  INFO 26248 --- [           main] .s.d.r.c.RepositoryConfigurationDelegate : Bootstrapping Spring Data JPA repositories in DEFAULT mode.
2026-03-09T10:24:00.265+03:00  INFO 26248 --- [           main] .s.d.r.c.RepositoryConfigurationDelegate : Finished Spring Data repository scanning in 17 ms. Found 4 JPA repository interfaces.
2026-03-09T10:24:00.332+03:00  INFO 26248 --- [           main] o.hibernate.jpa.internal.util.LogHelper  : HHH000204: Processing PersistenceUnitInfo [name: default]
2026-03-09T10:24:00.340+03:00  INFO 26248 --- [           main] o.h.c.internal.RegionFactoryInitiator    : HHH000026: Second-level cache disabled
2026-03-09T10:24:00.347+03:00  INFO 26248 --- [           main] o.s.o.j.p.SpringPersistenceUnitInfo      : No LoadTimeWeaver setup: ignoring JPA class transformer
2026-03-09T10:24:00.351+03:00  INFO 26248 --- [           main] com.zaxxer.hikari.HikariDataSource       : HikariPool-17 - Starting...
2026-03-09T10:24:00.352+03:00  INFO 26248 --- [           main] com.zaxxer.hikari.pool.HikariPool        : HikariPool-17 - Added connection conn160: url=jdbc:h2:mem:testdb user=SA
2026-03-09T10:24:00.352+03:00  INFO 26248 --- [           main] com.zaxxer.hikari.HikariDataSource       : HikariPool-17 - Start completed.
2026-03-09T10:24:00.352+03:00  WARN 26248 --- [           main] org.hibernate.orm.deprecation            : HHH90000025: H2Dialect does not need to be specified explicitly using 'hibernate.dialect' (remove the property setting and it will be selected by default)
2026-03-09T10:24:00.426+03:00  INFO 26248 --- [           main] o.h.e.t.j.p.i.JtaPlatformInitiator       : HHH000489: No JTA platform available (set 'hibernate.transaction.jta.platform' to enable JTA platform integration)
2026-03-09T10:24:00.434+03:00  INFO 26248 --- [           main] j.LocalContainerEntityManagerFactoryBean : Initialized JPA EntityManagerFactory for persistence unit 'default'
2026-03-09T10:24:00.548+03:00  WARN 26248 --- [           main] JpaBaseConfiguration$JpaWebConfiguration : spring.jpa.open-in-view is enabled by default. Therefore, database queries may be performed during view rendering. Explicitly configure spring.jpa.open-in-view to disable this warning
2026-03-09T10:24:00.608+03:00  INFO 26248 --- [           main] o.s.s.web.DefaultSecurityFilterChain     : Will secure any request with [org.springframework.security.web.session.DisableEncodeUrlFilter@21a1b8b0, org.springframework.security.web.context.request.async.WebAsyncManagerIntegrationFilter@30bac2a0, org.springframework.security.web.context.SecurityContextHolderFilter@76566931, org.springframework.security.web.header.HeaderWriterFilter@4bfcb524, org.springframework.web.filter.CorsFilter@79bec433, org.springframework.security.web.authentication.logout.LogoutFilter@52286440, com.wealthwise.security.JwtAuthFilter@133d7d1f, org.springframework.security.web.savedrequest.RequestCacheAwareFilter@3592cfcb, org.springframework.security.web.servletapi.SecurityContextHolderAwareRequestFilter@1b6909c8, org.springframework.security.web.authentication.AnonymousAuthenticationFilter@6c73f6aa, org.springframework.security.web.session.SessionManagementFilter@47b965ce, org.springframework.security.web.access.ExceptionTranslationFilter@1d3bc78f, org.springframework.security.web.access.intercept.AuthorizationFilter@229365f4]
2026-03-09T10:24:00.658+03:00  INFO 26248 --- [           main] o.s.b.t.m.w.SpringBootMockServletContext : Initializing Spring TestDispatcherServlet ''
2026-03-09T10:24:00.658+03:00  INFO 26248 --- [           main] o.s.t.web.servlet.TestDispatcherServlet  : Initializing Servlet ''
2026-03-09T10:24:00.659+03:00  INFO 26248 --- [           main] o.s.t.web.servlet.TestDispatcherServlet  : Completed initialization in 1 ms
2026-03-09T10:24:00.664+03:00  INFO 26248 --- [           main] c.w.c.TransactionControllerTest          : Started TransactionControllerTest in 0.67 seconds (process running for 24.411)
2026-03-09T10:24:01.163+03:00  INFO 26248 --- [           main] j.LocalContainerEntityManagerFactoryBean : Closing JPA EntityManagerFactory for persistence unit 'default'
2026-03-09T10:24:01.165+03:00  INFO 26248 --- [           main] com.zaxxer.hikari.HikariDataSource       : HikariPool-17 - Shutdown initiated...
2026-03-09T10:24:01.166+03:00  INFO 26248 --- [           main] com.zaxxer.hikari.HikariDataSource       : HikariPool-17 - Shutdown completed.
]]></system-out>
  </testcase>
  <testcase name="getAll_returnsEmptyArrayInitially" classname="com.wealthwise.controller.TransactionControllerTest" time="0.29">
    <system-out><![CDATA[
  .   ____          _            __ _ _
 /\\ / ___'_ __ _ _(_)_ __  __ _ \ \ \ \
( ( )\___ | '_ | '_| | '_ \/ _` | \ \ \ \
 \\/  ___)| |_)| | | | | || (_| |  ) ) ) )
  '  |____| .__|_| |_|_| |_\__, | / / / /
 =========|_|==============|___/=/_/_/_/
 :: Spring Boot ::                (v3.2.0)

2026-03-09T10:24:01.191+03:00  INFO 26248 --- [           main] c.w.c.TransactionControllerTest          : Starting TransactionControllerTest using Java 25.0.2 with PID 26248 (started by hhub2 in C:\Users\hhub2\array\wealthwise\backend)
2026-03-09T10:24:01.191+03:00  INFO 26248 --- [           main] c.w.c.TransactionControllerTest          : The following 1 profile is active: "test"
2026-03-09T10:24:01.359+03:00  INFO 26248 --- [           main] .s.d.r.c.RepositoryConfigurationDelegate : Bootstrapping Spring Data JPA repositories in DEFAULT mode.
2026-03-09T10:24:01.373+03:00  INFO 26248 --- [           main] .s.d.r.c.RepositoryConfigurationDelegate : Finished Spring Data repository scanning in 13 ms. Found 4 JPA repository interfaces.
2026-03-09T10:24:01.418+03:00  INFO 26248 --- [           main] o.hibernate.jpa.internal.util.LogHelper  : HHH000204: Processing PersistenceUnitInfo [name: default]
2026-03-09T10:24:01.424+03:00  INFO 26248 --- [           main] o.h.c.internal.RegionFactoryInitiator    : HHH000026: Second-level cache disabled
2026-03-09T10:24:01.430+03:00  INFO 26248 --- [           main] o.s.o.j.p.SpringPersistenceUnitInfo      : No LoadTimeWeaver setup: ignoring JPA class transformer
2026-03-09T10:24:01.432+03:00  INFO 26248 --- [           main] com.zaxxer.hikari.HikariDataSource       : HikariPool-18 - Starting...
2026-03-09T10:24:01.433+03:00  INFO 26248 --- [           main] com.zaxxer.hikari.pool.HikariPool        : HikariPool-18 - Added connection conn170: url=jdbc:h2:mem:testdb user=SA
2026-03-09T10:24:01.434+03:00  INFO 26248 --- [           main] com.zaxxer.hikari.HikariDataSource       : HikariPool-18 - Start completed.
2026-03-09T10:24:01.434+03:00  WARN 26248 --- [           main] org.hibernate.orm.deprecation            : HHH90000025: H2Dialect does not need to be specified explicitly using 'hibernate.dialect' (remove the property setting and it will be selected by default)
2026-03-09T10:24:01.486+03:00  INFO 26248 --- [           main] o.h.e.t.j.p.i.JtaPlatformInitiator       : HHH000489: No JTA platform available (set 'hibernate.transaction.jta.platform' to enable JTA platform integration)
2026-03-09T10:24:01.496+03:00  INFO 26248 --- [           main] j.LocalContainerEntityManagerFactoryBean : Initialized JPA EntityManagerFactory for persistence unit 'default'
2026-03-09T10:24:01.586+03:00  WARN 26248 --- [           main] JpaBaseConfiguration$JpaWebConfiguration : spring.jpa.open-in-view is enabled by default. Therefore, database queries may be performed during view rendering. Explicitly configure spring.jpa.open-in-view to disable this warning
2026-03-09T10:24:01.636+03:00  INFO 26248 --- [           main] o.s.s.web.DefaultSecurityFilterChain     : Will secure any request with [org.springframework.security.web.session.DisableEncodeUrlFilter@413172a6, org.springframework.security.web.context.request.async.WebAsyncManagerIntegrationFilter@1a64ad5b, org.springframework.security.web.context.SecurityContextHolderFilter@6b338991, org.springframework.security.web.header.HeaderWriterFilter@190dd31b, org.springframework.web.filter.CorsFilter@a35bf61, org.springframework.security.web.authentication.logout.LogoutFilter@4d42d992, com.wealthwise.security.JwtAuthFilter@32505319, org.springframework.security.web.savedrequest.RequestCacheAwareFilter@253f7c60, org.springframework.security.web.servletapi.SecurityContextHolderAwareRequestFilter@525de6d7, org.springframework.security.web.authentication.AnonymousAuthenticationFilter@5cef8dab, org.springframework.security.web.session.SessionManagementFilter@68e013e4, org.springframework.security.web.access.ExceptionTranslationFilter@70d7c2bd, org.springframework.security.web.access.intercept.AuthorizationFilter@2e1657c7]
2026-03-09T10:24:01.685+03:00  INFO 26248 --- [           main] o.s.b.t.m.w.SpringBootMockServletContext : Initializing Spring TestDispatcherServlet ''
2026-03-09T10:24:01.685+03:00  INFO 26248 --- [           main] o.s.t.web.servlet.TestDispatcherServlet  : Initializing Servlet ''
2026-03-09T10:24:01.686+03:00  INFO 26248 --- [           main] o.s.t.web.servlet.TestDispatcherServlet  : Completed initialization in 1 ms
2026-03-09T10:24:01.690+03:00  INFO 26248 --- [           main] c.w.c.TransactionControllerTest          : Started TransactionControllerTest in 0.522 seconds (process running for 25.437)
2026-03-09T10:24:02.118+03:00  INFO 26248 --- [           main] j.LocalContainerEntityManagerFactoryBean : Closing JPA EntityManagerFactory for persistence unit 'default'
2026-03-09T10:24:02.120+03:00  INFO 26248 --- [           main] com.zaxxer.hikari.HikariDataSource       : HikariPool-18 - Shutdown initiated...
2026-03-09T10:24:02.120+03:00  INFO 26248 --- [           main] com.zaxxer.hikari.HikariDataSource       : HikariPool-18 - Shutdown completed.
]]></system-out>
  </testcase>
  <testcase name="create_returns200WithValidBody" classname="com.wealthwise.controller.TransactionControllerTest" time="0.262">
    <system-out><![CDATA[
  .   ____          _            __ _ _
 /\\ / ___'_ __ _ _(_)_ __  __ _ \ \ \ \
( ( )\___ | '_ | '_| | '_ \/ _` | \ \ \ \
 \\/  ___)| |_)| | | | | || (_| |  ) ) ) )
  '  |____| .__|_| |_|_| |_\__, | / / / /
 =========|_|==============|___/=/_/_/_/
 :: Spring Boot ::                (v3.2.0)

2026-03-09T10:24:02.140+03:00  INFO 26248 --- [           main] c.w.c.TransactionControllerTest          : Starting TransactionControllerTest using Java 25.0.2 with PID 26248 (started by hhub2 in C:\Users\hhub2\array\wealthwise\backend)
2026-03-09T10:24:02.140+03:00  INFO 26248 --- [           main] c.w.c.TransactionControllerTest          : The following 1 profile is active: "test"
2026-03-09T10:24:02.301+03:00  INFO 26248 --- [           main] .s.d.r.c.RepositoryConfigurationDelegate : Bootstrapping Spring Data JPA repositories in DEFAULT mode.
2026-03-09T10:24:02.320+03:00  INFO 26248 --- [           main] .s.d.r.c.RepositoryConfigurationDelegate : Finished Spring Data repository scanning in 18 ms. Found 4 JPA repository interfaces.
2026-03-09T10:24:02.363+03:00  INFO 26248 --- [           main] o.hibernate.jpa.internal.util.LogHelper  : HHH000204: Processing PersistenceUnitInfo [name: default]
2026-03-09T10:24:02.368+03:00  INFO 26248 --- [           main] o.h.c.internal.RegionFactoryInitiator    : HHH000026: Second-level cache disabled
2026-03-09T10:24:02.373+03:00  INFO 26248 --- [           main] o.s.o.j.p.SpringPersistenceUnitInfo      : No LoadTimeWeaver setup: ignoring JPA class transformer
2026-03-09T10:24:02.376+03:00  INFO 26248 --- [           main] com.zaxxer.hikari.HikariDataSource       : HikariPool-19 - Starting...
2026-03-09T10:24:02.377+03:00  INFO 26248 --- [           main] com.zaxxer.hikari.pool.HikariPool        : HikariPool-19 - Added connection conn180: url=jdbc:h2:mem:testdb user=SA
2026-03-09T10:24:02.377+03:00  INFO 26248 --- [           main] com.zaxxer.hikari.HikariDataSource       : HikariPool-19 - Start completed.
2026-03-09T10:24:02.377+03:00  WARN 26248 --- [           main] org.hibernate.orm.deprecation            : HHH90000025: H2Dialect does not need to be specified explicitly using 'hibernate.dialect' (remove the property setting and it will be selected by default)
2026-03-09T10:24:02.415+03:00  INFO 26248 --- [           main] o.h.e.t.j.p.i.JtaPlatformInitiator       : HHH000489: No JTA platform available (set 'hibernate.transaction.jta.platform' to enable JTA platform integration)
2026-03-09T10:24:02.419+03:00  INFO 26248 --- [           main] j.LocalContainerEntityManagerFactoryBean : Initialized JPA EntityManagerFactory for persistence unit 'default'
2026-03-09T10:24:02.477+03:00  WARN 26248 --- [           main] JpaBaseConfiguration$JpaWebConfiguration : spring.jpa.open-in-view is enabled by default. Therefore, database queries may be performed during view rendering. Explicitly configure spring.jpa.open-in-view to disable this warning
2026-03-09T10:24:02.519+03:00  INFO 26248 --- [           main] o.s.s.web.DefaultSecurityFilterChain     : Will secure any request with [org.springframework.security.web.session.DisableEncodeUrlFilter@4c454e45, org.springframework.security.web.context.request.async.WebAsyncManagerIntegrationFilter@3a5d08f0, org.springframework.security.web.context.SecurityContextHolderFilter@6a157b9e, org.springframework.security.web.header.HeaderWriterFilter@753157c3, org.springframework.web.filter.CorsFilter@304781b1, org.springframework.security.web.authentication.logout.LogoutFilter@4066c11c, com.wealthwise.security.JwtAuthFilter@1fd6c8c7, org.springframework.security.web.savedrequest.RequestCacheAwareFilter@2cbc6eba, org.springframework.security.web.servletapi.SecurityContextHolderAwareRequestFilter@534caba1, org.springframework.security.web.authentication.AnonymousAuthenticationFilter@573fa580, org.springframework.security.web.session.SessionManagementFilter@5f61b22e, org.springframework.security.web.access.ExceptionTranslationFilter@5d137f91, org.springframework.security.web.access.intercept.AuthorizationFilter@39471dfa]
2026-03-09T10:24:02.551+03:00  INFO 26248 --- [           main] o.s.b.t.m.w.SpringBootMockServletContext : Initializing Spring TestDispatcherServlet ''
2026-03-09T10:24:02.551+03:00  INFO 26248 --- [           main] o.s.t.web.servlet.TestDispatcherServlet  : Initializing Servlet ''
2026-03-09T10:24:02.552+03:00  INFO 26248 --- [           main] o.s.t.web.servlet.TestDispatcherServlet  : Completed initialization in 1 ms
2026-03-09T10:24:02.556+03:00  INFO 26248 --- [           main] c.w.c.TransactionControllerTest          : Started TransactionControllerTest in 0.433 seconds (process running for 26.303)
2026-03-09T10:24:02.936+03:00  INFO 26248 --- [           main] j.LocalContainerEntityManagerFactoryBean : Closing JPA EntityManagerFactory for persistence unit 'default'
2026-03-09T10:24:02.937+03:00  INFO 26248 --- [           main] com.zaxxer.hikari.HikariDataSource       : HikariPool-19 - Shutdown initiated...
2026-03-09T10:24:02.937+03:00  INFO 26248 --- [           main] com.zaxxer.hikari.HikariDataSource       : HikariPool-19 - Shutdown completed.
]]></system-out>
  </testcase>
  <testcase name="create_returns403WithoutToken" classname="com.wealthwise.controller.TransactionControllerTest" time="0.234">
    <system-out><![CDATA[
  .   ____          _            __ _ _
 /\\ / ___'_ __ _ _(_)_ __  __ _ \ \ \ \
( ( )\___ | '_ | '_| | '_ \/ _` | \ \ \ \
 \\/  ___)| |_)| | | | | || (_| |  ) ) ) )
  '  |____| .__|_| |_|_| |_\__, | / / / /
 =========|_|==============|___/=/_/_/_/
 :: Spring Boot ::                (v3.2.0)

2026-03-09T10:24:02.955+03:00  INFO 26248 --- [           main] c.w.c.TransactionControllerTest          : Starting TransactionControllerTest using Java 25.0.2 with PID 26248 (started by hhub2 in C:\Users\hhub2\array\wealthwise\backend)
2026-03-09T10:24:02.955+03:00  INFO 26248 --- [           main] c.w.c.TransactionControllerTest          : The following 1 profile is active: "test"
2026-03-09T10:24:03.069+03:00  INFO 26248 --- [           main] .s.d.r.c.RepositoryConfigurationDelegate : Bootstrapping Spring Data JPA repositories in DEFAULT mode.
2026-03-09T10:24:03.082+03:00  INFO 26248 --- [           main] .s.d.r.c.RepositoryConfigurationDelegate : Finished Spring Data repository scanning in 12 ms. Found 4 JPA repository interfaces.
2026-03-09T10:24:03.123+03:00  INFO 26248 --- [           main] o.hibernate.jpa.internal.util.LogHelper  : HHH000204: Processing PersistenceUnitInfo [name: default]
2026-03-09T10:24:03.127+03:00  INFO 26248 --- [           main] o.h.c.internal.RegionFactoryInitiator    : HHH000026: Second-level cache disabled
2026-03-09T10:24:03.131+03:00  INFO 26248 --- [           main] o.s.o.j.p.SpringPersistenceUnitInfo      : No LoadTimeWeaver setup: ignoring JPA class transformer
2026-03-09T10:24:03.133+03:00  INFO 26248 --- [           main] com.zaxxer.hikari.HikariDataSource       : HikariPool-20 - Starting...
2026-03-09T10:24:03.134+03:00  INFO 26248 --- [           main] com.zaxxer.hikari.pool.HikariPool        : HikariPool-20 - Added connection conn190: url=jdbc:h2:mem:testdb user=SA
2026-03-09T10:24:03.134+03:00  INFO 26248 --- [           main] com.zaxxer.hikari.HikariDataSource       : HikariPool-20 - Start completed.
2026-03-09T10:24:03.134+03:00  WARN 26248 --- [           main] org.hibernate.orm.deprecation            : HHH90000025: H2Dialect does not need to be specified explicitly using 'hibernate.dialect' (remove the property setting and it will be selected by default)
2026-03-09T10:24:03.173+03:00  INFO 26248 --- [           main] o.h.e.t.j.p.i.JtaPlatformInitiator       : HHH000489: No JTA platform available (set 'hibernate.transaction.jta.platform' to enable JTA platform integration)
2026-03-09T10:24:03.181+03:00  INFO 26248 --- [           main] j.LocalContainerEntityManagerFactoryBean : Initialized JPA EntityManagerFactory for persistence unit 'default'
2026-03-09T10:24:03.244+03:00  WARN 26248 --- [           main] JpaBaseConfiguration$JpaWebConfiguration : spring.jpa.open-in-view is enabled by default. Therefore, database queries may be performed during view rendering. Explicitly configure spring.jpa.open-in-view to disable this warning
2026-03-09T10:24:03.289+03:00  INFO 26248 --- [           main] o.s.s.web.DefaultSecurityFilterChain     : Will secure any request with [org.springframework.security.web.session.DisableEncodeUrlFilter@3144f876, org.springframework.security.web.context.request.async.WebAsyncManagerIntegrationFilter@126f9098, org.springframework.security.web.context.SecurityContextHolderFilter@9f1f075, org.springframework.security.web.header.HeaderWriterFilter@427e3200, org.springframework.web.filter.CorsFilter@633a4b09, org.springframework.security.web.authentication.logout.LogoutFilter@68397630, com.wealthwise.security.JwtAuthFilter@4e7125e0, org.springframework.security.web.savedrequest.RequestCacheAwareFilter@5b013c7a, org.springframework.security.web.servletapi.SecurityContextHolderAwareRequestFilter@685cfb28, org.springframework.security.web.authentication.AnonymousAuthenticationFilter@5ae4a579, org.springframework.security.web.session.SessionManagementFilter@2ad59847, org.springframework.security.web.access.ExceptionTranslationFilter@32dc1fde, org.springframework.security.web.access.intercept.AuthorizationFilter@35035c73]
2026-03-09T10:24:03.327+03:00  INFO 26248 --- [           main] o.s.b.t.m.w.SpringBootMockServletContext : Initializing Spring TestDispatcherServlet ''
2026-03-09T10:24:03.327+03:00  INFO 26248 --- [           main] o.s.t.web.servlet.TestDispatcherServlet  : Initializing Servlet ''
2026-03-09T10:24:03.328+03:00  INFO 26248 --- [           main] o.s.t.web.servlet.TestDispatcherServlet  : Completed initialization in 1 ms
2026-03-09T10:24:03.332+03:00  INFO 26248 --- [           main] c.w.c.TransactionControllerTest          : Started TransactionControllerTest in 0.393 seconds (process running for 27.079)
2026-03-09T10:24:03.672+03:00  INFO 26248 --- [           main] j.LocalContainerEntityManagerFactoryBean : Closing JPA EntityManagerFactory for persistence unit 'default'
2026-03-09T10:24:03.673+03:00  INFO 26248 --- [           main] com.zaxxer.hikari.HikariDataSource       : HikariPool-20 - Shutdown initiated...
2026-03-09T10:24:03.673+03:00  INFO 26248 --- [           main] com.zaxxer.hikari.HikariDataSource       : HikariPool-20 - Shutdown completed.
]]></system-out>
  </testcase>
  <testcase name="getAll_returns200WithValidToken" classname="com.wealthwise.controller.TransactionControllerTest" time="0.239">
    <system-out><![CDATA[
  .   ____          _            __ _ _
 /\\ / ___'_ __ _ _(_)_ __  __ _ \ \ \ \
( ( )\___ | '_ | '_| | '_ \/ _` | \ \ \ \
 \\/  ___)| |_)| | | | | || (_| |  ) ) ) )
  '  |____| .__|_| |_|_| |_\__, | / / / /
 =========|_|==============|___/=/_/_/_/
 :: Spring Boot ::                (v3.2.0)

2026-03-09T10:24:03.690+03:00  INFO 26248 --- [           main] c.w.c.TransactionControllerTest          : Starting TransactionControllerTest using Java 25.0.2 with PID 26248 (started by hhub2 in C:\Users\hhub2\array\wealthwise\backend)
2026-03-09T10:24:03.690+03:00  INFO 26248 --- [           main] c.w.c.TransactionControllerTest          : The following 1 profile is active: "test"
2026-03-09T10:24:03.804+03:00  INFO 26248 --- [           main] .s.d.r.c.RepositoryConfigurationDelegate : Bootstrapping Spring Data JPA repositories in DEFAULT mode.
2026-03-09T10:24:03.815+03:00  INFO 26248 --- [           main] .s.d.r.c.RepositoryConfigurationDelegate : Finished Spring Data repository scanning in 11 ms. Found 4 JPA repository interfaces.
2026-03-09T10:24:03.855+03:00  INFO 26248 --- [           main] o.hibernate.jpa.internal.util.LogHelper  : HHH000204: Processing PersistenceUnitInfo [name: default]
2026-03-09T10:24:03.859+03:00  INFO 26248 --- [           main] o.h.c.internal.RegionFactoryInitiator    : HHH000026: Second-level cache disabled
2026-03-09T10:24:03.864+03:00  INFO 26248 --- [           main] o.s.o.j.p.SpringPersistenceUnitInfo      : No LoadTimeWeaver setup: ignoring JPA class transformer
2026-03-09T10:24:03.867+03:00  INFO 26248 --- [           main] com.zaxxer.hikari.HikariDataSource       : HikariPool-21 - Starting...
2026-03-09T10:24:03.868+03:00  INFO 26248 --- [           main] com.zaxxer.hikari.pool.HikariPool        : HikariPool-21 - Added connection conn200: url=jdbc:h2:mem:testdb user=SA
2026-03-09T10:24:03.868+03:00  INFO 26248 --- [           main] com.zaxxer.hikari.HikariDataSource       : HikariPool-21 - Start completed.
2026-03-09T10:24:03.868+03:00  WARN 26248 --- [           main] org.hibernate.orm.deprecation            : HHH90000025: H2Dialect does not need to be specified explicitly using 'hibernate.dialect' (remove the property setting and it will be selected by default)
2026-03-09T10:24:03.904+03:00  INFO 26248 --- [           main] o.h.e.t.j.p.i.JtaPlatformInitiator       : HHH000489: No JTA platform available (set 'hibernate.transaction.jta.platform' to enable JTA platform integration)
2026-03-09T10:24:03.909+03:00  INFO 26248 --- [           main] j.LocalContainerEntityManagerFactoryBean : Initialized JPA EntityManagerFactory for persistence unit 'default'
2026-03-09T10:24:03.961+03:00  WARN 26248 --- [           main] JpaBaseConfiguration$JpaWebConfiguration : spring.jpa.open-in-view is enabled by default. Therefore, database queries may be performed during view rendering. Explicitly configure spring.jpa.open-in-view to disable this warning
2026-03-09T10:24:04.005+03:00  INFO 26248 --- [           main] o.s.s.web.DefaultSecurityFilterChain     : Will secure any request with [org.springframework.security.web.session.DisableEncodeUrlFilter@264f2b1a, org.springframework.security.web.context.request.async.WebAsyncManagerIntegrationFilter@1091cc83, org.springframework.security.web.context.SecurityContextHolderFilter@33605eb1, org.springframework.security.web.header.HeaderWriterFilter@f5283d8, org.springframework.web.filter.CorsFilter@471a7e2b, org.springframework.security.web.authentication.logout.LogoutFilter@2072d35b, com.wealthwise.security.JwtAuthFilter@28f52242, org.springframework.security.web.savedrequest.RequestCacheAwareFilter@56befaf1, org.springframework.security.web.servletapi.SecurityContextHolderAwareRequestFilter@4d69efbd, org.springframework.security.web.authentication.AnonymousAuthenticationFilter@7d61dfa0, org.springframework.security.web.session.SessionManagementFilter@9b9f11, org.springframework.security.web.access.ExceptionTranslationFilter@74b22125, org.springframework.security.web.access.intercept.AuthorizationFilter@32cdf4b]
2026-03-09T10:24:04.033+03:00  INFO 26248 --- [           main] o.s.b.t.m.w.SpringBootMockServletContext : Initializing Spring TestDispatcherServlet ''
2026-03-09T10:24:04.033+03:00  INFO 26248 --- [           main] o.s.t.web.servlet.TestDispatcherServlet  : Initializing Servlet ''
2026-03-09T10:24:04.034+03:00  INFO 26248 --- [           main] o.s.t.web.servlet.TestDispatcherServlet  : Completed initialization in 0 ms
2026-03-09T10:24:04.037+03:00  INFO 26248 --- [           main] c.w.c.TransactionControllerTest          : Started TransactionControllerTest in 0.362 seconds (process running for 27.784)
2026-03-09T10:24:04.374+03:00  INFO 26248 --- [           main] j.LocalContainerEntityManagerFactoryBean : Closing JPA EntityManagerFactory for persistence unit 'default'
2026-03-09T10:24:04.375+03:00  INFO 26248 --- [           main] com.zaxxer.hikari.HikariDataSource       : HikariPool-21 - Shutdown initiated...
2026-03-09T10:24:04.376+03:00  INFO 26248 --- [           main] com.zaxxer.hikari.HikariDataSource       : HikariPool-21 - Shutdown completed.
]]></system-out>
  </testcase>
</testsuite>